This file contains any messages produced by compilers while
running configure, to aid debugging if configure makes a mistake.

It was created by libSBML configure 5.13.0, which was
generated by GNU Autoconf 2.68.  Invocation command line was

  $ ./configure CFLAGS=-fPIC --prefix=/home/chuanfuyap/NetbeansProjects/SOSlibJNIC/solverLibraries

## --------- ##
## Platform. ##
## --------- ##

hostname = BioLinux-V2
uname -m = x86_64
uname -r = 4.4.0-53-generic
uname -s = Linux
uname -v = #74-Ubuntu SMP Fri Dec 2 15:59:10 UTC 2016

/usr/bin/uname -p = unknown
/bin/uname -X     = unknown

/bin/arch              = unknown
/usr/bin/arch -k       = unknown
/usr/convex/getsysinfo = unknown
/usr/bin/hostinfo      = unknown
/bin/machine           = unknown
/usr/bin/oslevel       = unknown
/bin/universe          = unknown

PATH: /home/chuanfuyap/Applications/anaconda2/bin
PATH: /home/chuanfuyap/Applications/apache-maven-3.3.9/bin
PATH: /usr/local/sbin
PATH: /usr/local/bin
PATH: /usr/sbin
PATH: /usr/bin
PATH: /sbin
PATH: /bin
PATH: /usr/games
PATH: /usr/local/games
PATH: /usr/bin/gcc-4.8
PATH: /usr/bin/g++-4.8
PATH: /snap/bin
PATH: /usr/lib/cd-hit
PATH: /usr/lib/jvm/java-8-oracle/bin
PATH: /usr/lib/jvm/java-8-oracle/db/bin
PATH: /usr/lib/jvm/java-8-oracle/jre/bin
PATH: /usr/lib/cd-hit


## ----------- ##
## Core tests. ##
## ----------- ##

configure:3221: checking build system type
configure:3235: result: x86_64-unknown-linux-gnu
configure:3255: checking host system type
configure:3268: result: x86_64-unknown-linux-gnu
configure:3528: checking for g++
configure:3544: found /usr/bin/g++
configure:3555: result: g++
configure:3582: checking for C++ compiler version
configure:3591: g++ --version >&5
g++ (Ubuntu 5.4.0-6ubuntu1~16.04.4) 5.4.0 20160609
Copyright (C) 2015 Free Software Foundation, Inc.
This is free software; see the source for copying conditions.  There is NO
warranty; not even for MERCHANTABILITY or FITNESS FOR A PARTICULAR PURPOSE.

configure:3602: $? = 0
configure:3591: g++ -v >&5
Using built-in specs.
COLLECT_GCC=g++
COLLECT_LTO_WRAPPER=/usr/lib/gcc/x86_64-linux-gnu/5/lto-wrapper
Target: x86_64-linux-gnu
Configured with: ../src/configure -v --with-pkgversion='Ubuntu 5.4.0-6ubuntu1~16.04.4' --with-bugurl=file:///usr/share/doc/gcc-5/README.Bugs --enable-languages=c,ada,c++,java,go,d,fortran,objc,obj-c++ --prefix=/usr --program-suffix=-5 --enable-shared --enable-linker-build-id --libexecdir=/usr/lib --without-included-gettext --enable-threads=posix --libdir=/usr/lib --enable-nls --with-sysroot=/ --enable-clocale=gnu --enable-libstdcxx-debug --enable-libstdcxx-time=yes --with-default-libstdcxx-abi=new --enable-gnu-unique-object --disable-vtable-verify --enable-libmpx --enable-plugin --with-system-zlib --disable-browser-plugin --enable-java-awt=gtk --enable-gtk-cairo --with-java-home=/usr/lib/jvm/java-1.5.0-gcj-5-amd64/jre --enable-java-home --with-jvm-root-dir=/usr/lib/jvm/java-1.5.0-gcj-5-amd64 --with-jvm-jar-dir=/usr/lib/jvm-exports/java-1.5.0-gcj-5-amd64 --with-arch-directory=amd64 --with-ecj-jar=/usr/share/java/eclipse-ecj.jar --enable-objc-gc --enable-multiarch --disable-werror --with-arch-32=i686 --with-abi=m64 --with-multilib-list=m32,m64,mx32 --enable-multilib --with-tune=generic --enable-checking=release --build=x86_64-linux-gnu --host=x86_64-linux-gnu --target=x86_64-linux-gnu
Thread model: posix
gcc version 5.4.0 20160609 (Ubuntu 5.4.0-6ubuntu1~16.04.4) 
configure:3602: $? = 0
configure:3591: g++ -V >&5
g++: error: unrecognized command line option '-V'
g++: fatal error: no input files
compilation terminated.
configure:3602: $? = 1
configure:3591: g++ -qversion >&5
g++: error: unrecognized command line option '-qversion'
g++: fatal error: no input files
compilation terminated.
configure:3602: $? = 1
configure:3622: checking whether the C++ compiler works
configure:3644: g++  -DLINUX   conftest.cpp  >&5
configure:3648: $? = 0
configure:3696: result: yes
configure:3699: checking for C++ compiler default output file name
configure:3701: result: a.out
configure:3707: checking for suffix of executables
configure:3714: g++ -o conftest  -DLINUX   conftest.cpp  >&5
configure:3718: $? = 0
configure:3740: result: 
configure:3762: checking whether we are cross compiling
configure:3770: g++ -o conftest  -DLINUX   conftest.cpp  >&5
configure:3774: $? = 0
configure:3781: ./conftest
configure:3785: $? = 0
configure:3800: result: no
configure:3805: checking for suffix of object files
configure:3827: g++ -c  -DLINUX  conftest.cpp >&5
configure:3831: $? = 0
configure:3852: result: o
configure:3856: checking whether we are using the GNU C++ compiler
configure:3875: g++ -c  -DLINUX  conftest.cpp >&5
configure:3875: $? = 0
configure:3884: result: yes
configure:3893: checking whether g++ accepts -g
configure:3913: g++ -c -g -DLINUX  conftest.cpp >&5
configure:3913: $? = 0
configure:3954: result: yes
configure:4025: checking for gcc
configure:4041: found /usr/bin/gcc
configure:4052: result: gcc
configure:4281: checking for C compiler version
configure:4290: gcc --version >&5
gcc (Ubuntu 5.4.0-6ubuntu1~16.04.4) 5.4.0 20160609
Copyright (C) 2015 Free Software Foundation, Inc.
This is free software; see the source for copying conditions.  There is NO
warranty; not even for MERCHANTABILITY or FITNESS FOR A PARTICULAR PURPOSE.

configure:4301: $? = 0
configure:4290: gcc -v >&5
Using built-in specs.
COLLECT_GCC=gcc
COLLECT_LTO_WRAPPER=/usr/lib/gcc/x86_64-linux-gnu/5/lto-wrapper
Target: x86_64-linux-gnu
Configured with: ../src/configure -v --with-pkgversion='Ubuntu 5.4.0-6ubuntu1~16.04.4' --with-bugurl=file:///usr/share/doc/gcc-5/README.Bugs --enable-languages=c,ada,c++,java,go,d,fortran,objc,obj-c++ --prefix=/usr --program-suffix=-5 --enable-shared --enable-linker-build-id --libexecdir=/usr/lib --without-included-gettext --enable-threads=posix --libdir=/usr/lib --enable-nls --with-sysroot=/ --enable-clocale=gnu --enable-libstdcxx-debug --enable-libstdcxx-time=yes --with-default-libstdcxx-abi=new --enable-gnu-unique-object --disable-vtable-verify --enable-libmpx --enable-plugin --with-system-zlib --disable-browser-plugin --enable-java-awt=gtk --enable-gtk-cairo --with-java-home=/usr/lib/jvm/java-1.5.0-gcj-5-amd64/jre --enable-java-home --with-jvm-root-dir=/usr/lib/jvm/java-1.5.0-gcj-5-amd64 --with-jvm-jar-dir=/usr/lib/jvm-exports/java-1.5.0-gcj-5-amd64 --with-arch-directory=amd64 --with-ecj-jar=/usr/share/java/eclipse-ecj.jar --enable-objc-gc --enable-multiarch --disable-werror --with-arch-32=i686 --with-abi=m64 --with-multilib-list=m32,m64,mx32 --enable-multilib --with-tune=generic --enable-checking=release --build=x86_64-linux-gnu --host=x86_64-linux-gnu --target=x86_64-linux-gnu
Thread model: posix
gcc version 5.4.0 20160609 (Ubuntu 5.4.0-6ubuntu1~16.04.4) 
configure:4301: $? = 0
configure:4290: gcc -V >&5
gcc: error: unrecognized command line option '-V'
gcc: fatal error: no input files
compilation terminated.
configure:4301: $? = 1
configure:4290: gcc -qversion >&5
gcc: error: unrecognized command line option '-qversion'
gcc: fatal error: no input files
compilation terminated.
configure:4301: $? = 1
configure:4305: checking whether we are using the GNU C compiler
configure:4324: gcc -c -fPIC -DLINUX  conftest.c >&5
configure:4324: $? = 0
configure:4333: result: yes
configure:4342: checking whether gcc accepts -g
configure:4362: gcc -c -g -DLINUX  conftest.c >&5
configure:4362: $? = 0
configure:4403: result: yes
configure:4420: checking for gcc option to accept ISO C89
configure:4484: gcc  -c -fPIC -DLINUX  conftest.c >&5
configure:4484: $? = 0
configure:4497: result: none needed
configure:4522: checking how to run the C preprocessor
configure:4553: gcc -E -DLINUX  conftest.c
configure:4553: $? = 0
configure:4567: gcc -E -DLINUX  conftest.c
conftest.c:15:28: fatal error: ac_nonexistent.h: No such file or directory
compilation terminated.
configure:4567: $? = 1
configure: failed program was:
| /* confdefs.h */
| #define PACKAGE_NAME "libSBML"
| #define PACKAGE_TARNAME "libsbml"
| #define PACKAGE_VERSION "5.13.0"
| #define PACKAGE_STRING "libSBML 5.13.0"
| #define PACKAGE_BUGREPORT "libsbml-team@caltech.edu"
| #define PACKAGE_URL "http://sbml.org/Software/libSBML"
| #define USE_COMPRESSION 1
| #define LIBSBML_SHARED_VERSION 1
| #define SHAREDLIBEXT 1
| #define HOST_TYPE 1
| #define LIBSUFFIX 1
| #define RUN_LDPATH 1
| /* end confdefs.h.  */
| #include <ac_nonexistent.h>
configure:4592: result: gcc -E
configure:4612: gcc -E -DLINUX  conftest.c
configure:4612: $? = 0
configure:4626: gcc -E -DLINUX  conftest.c
conftest.c:15:28: fatal error: ac_nonexistent.h: No such file or directory
compilation terminated.
configure:4626: $? = 1
configure: failed program was:
| /* confdefs.h */
| #define PACKAGE_NAME "libSBML"
| #define PACKAGE_TARNAME "libsbml"
| #define PACKAGE_VERSION "5.13.0"
| #define PACKAGE_STRING "libSBML 5.13.0"
| #define PACKAGE_BUGREPORT "libsbml-team@caltech.edu"
| #define PACKAGE_URL "http://sbml.org/Software/libSBML"
| #define USE_COMPRESSION 1
| #define LIBSBML_SHARED_VERSION 1
| #define SHAREDLIBEXT 1
| #define HOST_TYPE 1
| #define LIBSUFFIX 1
| #define RUN_LDPATH 1
| /* end confdefs.h.  */
| #include <ac_nonexistent.h>
configure:4670: checking for a BSD-compatible install
configure:4738: result: /usr/bin/install -c
configure:4749: checking whether make sets $(MAKE)
configure:4771: result: yes
configure:4783: checking for autoconf
configure:4814: result: autoconf
configure:4824: checking for aclocal
configure:4855: result: aclocal
configure:4868: checking whether -Wno-long-double is supported
configure:4875: gcc -c -fPIC -Wno-long-double conftest.c >&5
configure:4875: $? = 0
configure:4878: result: yes
configure:9289: checking for a sed that does not truncate output
configure:9345: result: /bin/sed
configure:9348: checking for grep that handles long lines and -e
configure:9406: result: /bin/grep
configure:9411: checking for egrep
configure:9473: result: /bin/grep -E
configure:9489: checking for ld used by gcc
configure:9556: result: /usr/bin/ld
configure:9563: checking if the linker (/usr/bin/ld) is GNU ld
configure:9578: result: yes
configure:9583: checking for /usr/bin/ld option to reload object files
configure:9590: result: -r
configure:9608: checking for BSD-compatible nm
configure:9657: result: /usr/bin/nm -B
configure:9661: checking whether ln -s works
configure:9665: result: yes
configure:9672: checking how to recognize dependent libraries
configure:9858: result: pass_all
configure:9946: gcc -c -fPIC -DLINUX  conftest.c >&5
configure:9949: $? = 0
configure:10391: checking for ANSI C header files
configure:10411: gcc -c -fPIC -DLINUX  conftest.c >&5
configure:10411: $? = 0
configure:10484: gcc -o conftest -fPIC -DLINUX   conftest.c  >&5
configure:10484: $? = 0
configure:10484: ./conftest
configure:10484: $? = 0
configure:10495: result: yes
configure:10508: checking for sys/types.h
configure:10508: gcc -c -fPIC -DLINUX  conftest.c >&5
configure:10508: $? = 0
configure:10508: result: yes
configure:10508: checking for sys/stat.h
configure:10508: gcc -c -fPIC -DLINUX  conftest.c >&5
configure:10508: $? = 0
configure:10508: result: yes
configure:10508: checking for stdlib.h
configure:10508: gcc -c -fPIC -DLINUX  conftest.c >&5
configure:10508: $? = 0
configure:10508: result: yes
configure:10508: checking for string.h
configure:10508: gcc -c -fPIC -DLINUX  conftest.c >&5
configure:10508: $? = 0
configure:10508: result: yes
configure:10508: checking for memory.h
configure:10508: gcc -c -fPIC -DLINUX  conftest.c >&5
configure:10508: $? = 0
configure:10508: result: yes
configure:10508: checking for strings.h
configure:10508: gcc -c -fPIC -DLINUX  conftest.c >&5
configure:10508: $? = 0
configure:10508: result: yes
configure:10508: checking for inttypes.h
configure:10508: gcc -c -fPIC -DLINUX  conftest.c >&5
configure:10508: $? = 0
configure:10508: result: yes
configure:10508: checking for stdint.h
configure:10508: gcc -c -fPIC -DLINUX  conftest.c >&5
configure:10508: $? = 0
configure:10508: result: yes
configure:10508: checking for unistd.h
configure:10508: gcc -c -fPIC -DLINUX  conftest.c >&5
configure:10508: $? = 0
configure:10508: result: yes
configure:10522: checking dlfcn.h usability
configure:10522: gcc -c -fPIC -DLINUX  conftest.c >&5
configure:10522: $? = 0
configure:10522: result: yes
configure:10522: checking dlfcn.h presence
configure:10522: gcc -E -DLINUX  conftest.c
configure:10522: $? = 0
configure:10522: result: yes
configure:10522: checking for dlfcn.h
configure:10522: result: yes
configure:10542: checking how to run the C++ preprocessor
configure:10569: g++ -E -DLINUX  conftest.cpp
configure:10569: $? = 0
configure:10583: g++ -E -DLINUX  conftest.cpp
conftest.cpp:26:28: fatal error: ac_nonexistent.h: No such file or directory
compilation terminated.
configure:10583: $? = 1
configure: failed program was:
| /* confdefs.h */
| #define PACKAGE_NAME "libSBML"
| #define PACKAGE_TARNAME "libsbml"
| #define PACKAGE_VERSION "5.13.0"
| #define PACKAGE_STRING "libSBML 5.13.0"
| #define PACKAGE_BUGREPORT "libsbml-team@caltech.edu"
| #define PACKAGE_URL "http://sbml.org/Software/libSBML"
| #define USE_COMPRESSION 1
| #define LIBSBML_SHARED_VERSION 1
| #define SHAREDLIBEXT 1
| #define HOST_TYPE 1
| #define LIBSUFFIX 1
| #define RUN_LDPATH 1
| #define STDC_HEADERS 1
| #define HAVE_SYS_TYPES_H 1
| #define HAVE_SYS_STAT_H 1
| #define HAVE_STDLIB_H 1
| #define HAVE_STRING_H 1
| #define HAVE_MEMORY_H 1
| #define HAVE_STRINGS_H 1
| #define HAVE_INTTYPES_H 1
| #define HAVE_STDINT_H 1
| #define HAVE_UNISTD_H 1
| #define HAVE_DLFCN_H 1
| /* end confdefs.h.  */
| #include <ac_nonexistent.h>
configure:10608: result: g++ -E
configure:10628: g++ -E -DLINUX  conftest.cpp
configure:10628: $? = 0
configure:10642: g++ -E -DLINUX  conftest.cpp
conftest.cpp:26:28: fatal error: ac_nonexistent.h: No such file or directory
compilation terminated.
configure:10642: $? = 1
configure: failed program was:
| /* confdefs.h */
| #define PACKAGE_NAME "libSBML"
| #define PACKAGE_TARNAME "libsbml"
| #define PACKAGE_VERSION "5.13.0"
| #define PACKAGE_STRING "libSBML 5.13.0"
| #define PACKAGE_BUGREPORT "libsbml-team@caltech.edu"
| #define PACKAGE_URL "http://sbml.org/Software/libSBML"
| #define USE_COMPRESSION 1
| #define LIBSBML_SHARED_VERSION 1
| #define SHAREDLIBEXT 1
| #define HOST_TYPE 1
| #define LIBSUFFIX 1
| #define RUN_LDPATH 1
| #define STDC_HEADERS 1
| #define HAVE_SYS_TYPES_H 1
| #define HAVE_SYS_STAT_H 1
| #define HAVE_STDLIB_H 1
| #define HAVE_STRING_H 1
| #define HAVE_MEMORY_H 1
| #define HAVE_STRINGS_H 1
| #define HAVE_INTTYPES_H 1
| #define HAVE_STDINT_H 1
| #define HAVE_UNISTD_H 1
| #define HAVE_DLFCN_H 1
| /* end confdefs.h.  */
| #include <ac_nonexistent.h>
configure:10726: checking for g77
configure:10756: result: no
configure:10726: checking for xlf
configure:10756: result: no
configure:10726: checking for f77
configure:10756: result: no
configure:10726: checking for frt
configure:10756: result: no
configure:10726: checking for pgf77
configure:10756: result: no
configure:10726: checking for cf77
configure:10756: result: no
configure:10726: checking for fort77
configure:10756: result: no
configure:10726: checking for fl32
configure:10756: result: no
configure:10726: checking for af77
configure:10756: result: no
configure:10726: checking for xlf90
configure:10756: result: no
configure:10726: checking for f90
configure:10756: result: no
configure:10726: checking for pgf90
configure:10756: result: no
configure:10726: checking for pghpf
configure:10756: result: no
configure:10726: checking for epcf90
configure:10756: result: no
configure:10726: checking for gfortran
configure:10756: result: no
configure:10726: checking for g95
configure:10756: result: no
configure:10726: checking for xlf95
configure:10756: result: no
configure:10726: checking for f95
configure:10756: result: no
configure:10726: checking for fort
configure:10756: result: no
configure:10726: checking for ifort
configure:10756: result: no
configure:10726: checking for ifc
configure:10756: result: no
configure:10726: checking for efc
configure:10756: result: no
configure:10726: checking for pgfortran
configure:10756: result: no
configure:10726: checking for pgf95
configure:10756: result: no
configure:10726: checking for lf95
configure:10756: result: no
configure:10726: checking for ftn
configure:10756: result: no
configure:10779: checking for Fortran 77 compiler version
configure:10788:  --version >&5
./configure: line 10790: --version: command not found
configure:10799: $? = 127
configure:10788:  -v >&5
./configure: line 10790: -v: command not found
configure:10799: $? = 127
configure:10788:  -V >&5
./configure: line 10790: -V: command not found
configure:10799: $? = 127
configure:10788:  -qversion >&5
./configure: line 10790: -qversion: command not found
configure:10799: $? = 127
configure:10808: checking whether we are using the GNU Fortran 77 compiler
configure:10821:  -c  conftest.F >&5
./configure: line 2305: -c: command not found
configure:10821: $? = 127
configure: failed program was:
|       program main
| #ifndef __GNUC__
|        choke me
| #endif
| 
|       end
configure:10830: result: no
configure:10836: checking whether  accepts -g
configure:10847:  -c -g conftest.f >&5
./configure: line 2305: -c: command not found
configure:10847: $? = 127
configure: failed program was:
|       program main
| 
|       end
configure:10855: result: no
configure:10888: checking the maximum length of command line arguments
configure:11000: result: 1572864
configure:11012: checking command to parse /usr/bin/nm -B output from gcc object
configure:11117: gcc -c -fPIC -DLINUX  conftest.c >&5
configure:11120: $? = 0
configure:11124: /usr/bin/nm -B conftest.o \| sed -n -e 's/^.*[ 	]\([ABCDGIRSTW][ABCDGIRSTW]*\)[ 	][ 	]*\([_A-Za-z][_A-Za-z0-9]*\)$/\1 \2 \2/p' \> conftest.nm
configure:11127: $? = 0
configure:11179: gcc -o conftest -fPIC -DLINUX   conftest.c conftstm.o >&5
configure:11182: $? = 0
configure:11220: result: ok
configure:11224: checking for objdir
configure:11239: result: .libs
configure:11331: checking for ar
configure:11347: found /usr/bin/ar
configure:11358: result: ar
configure:11423: checking for ranlib
configure:11439: found /usr/bin/ranlib
configure:11450: result: ranlib
configure:11515: checking for strip
configure:11531: found /usr/bin/strip
configure:11542: result: strip
configure:12107: checking if gcc supports -fno-rtti -fno-exceptions
configure:12125: gcc -c -fPIC -DLINUX  -fno-rtti -fno-exceptions conftest.c >&5
cc1: warning: command line option '-fno-rtti' is valid for C++/ObjC++ but not for C
configure:12129: $? = 0
configure:12142: result: no
configure:12157: checking for gcc option to produce PIC
configure:12389: result: -fPIC
configure:12397: checking if gcc PIC flag -fPIC works
configure:12415: gcc -c -fPIC -DLINUX  -fPIC -DPIC conftest.c >&5
configure:12419: $? = 0
configure:12432: result: yes
configure:12460: checking if gcc static flag -static works
configure:12488: result: yes
configure:12498: checking if gcc supports -c -o file.o
configure:12519: gcc -c -fPIC -DLINUX  -o out/conftest2.o conftest.c >&5
configure:12523: $? = 0
configure:12545: result: yes
configure:12571: checking whether the gcc linker (/usr/bin/ld -m elf_x86_64) supports shared libraries
configure:13497: result: yes
configure:13518: checking whether -lc should be explicitly linked in
configure:13523: gcc -c -fPIC -DLINUX  conftest.c >&5
configure:13526: $? = 0
configure:13541: gcc -shared conftest.o  -v -Wl,-soname -Wl,conftest -o conftest 2\>\&1 \| grep  -lc  \>/dev/null 2\>\&1
configure:13544: $? = 0
configure:13556: result: no
configure:13564: checking dynamic linker characteristics
configure:14166: result: GNU/Linux ld.so
configure:14190: checking how to hardcode library paths into programs
configure:14215: result: immediate
configure:14229: checking whether stripping libraries is possible
configure:14234: result: yes
configure:14751: checking if libtool supports shared libraries
configure:14753: result: yes
configure:14756: checking whether to build shared libraries
configure:14777: result: yes
configure:14780: checking whether to build static libraries
configure:14784: result: yes
configure:14878: creating libtool
configure:15467: checking for ld used by g++
configure:15534: result: /usr/bin/ld -m elf_x86_64
configure:15541: checking if the linker (/usr/bin/ld -m elf_x86_64) is GNU ld
configure:15556: result: yes
configure:15607: checking whether the g++ linker (/usr/bin/ld -m elf_x86_64) supports shared libraries
configure:16499: result: yes
configure:16520: g++ -c  -DLINUX  conftest.cpp >&5
configure:16523: $? = 0
configure:16679: checking for g++ option to produce PIC
configure:16963: result: -fPIC
configure:16971: checking if g++ PIC flag -fPIC works
configure:16989: g++ -c  -DLINUX  -fPIC -DPIC conftest.cpp >&5
configure:16993: $? = 0
configure:17006: result: yes
configure:17034: checking if g++ static flag -static works
configure:17062: result: yes
configure:17072: checking if g++ supports -c -o file.o
configure:17093: g++ -c  -DLINUX  -o out/conftest2.o conftest.cpp >&5
configure:17097: $? = 0
configure:17119: result: yes
configure:17145: checking whether the g++ linker (/usr/bin/ld -m elf_x86_64) supports shared libraries
configure:17171: result: yes
configure:17238: checking dynamic linker characteristics
configure:17788: result: GNU/Linux ld.so
configure:17812: checking how to hardcode library paths into programs
configure:17837: result: immediate
configure:23975: checking for bash
configure:23993: found /bin/bash
configure:24005: result: /bin/bash
configure:24013: checking if dolt supports this host
configure:24044: result: yes, replacing libtool
configure:24184: checking for isnan in -lm
configure:24209: gcc -o conftest -fPIC -DLINUX   conftest.c -lm   >&5
conftest.c:33:6: warning: conflicting types for built-in function 'isnan'
 char isnan ();
      ^
configure:24209: $? = 0
configure:24218: result: yes
configure:24917: checking for xml2-config
configure:24935: found /home/chuanfuyap/Applications/anaconda2/bin/xml2-config
configure:24948: result: /home/chuanfuyap/Applications/anaconda2/bin/xml2-config
configure:24989: checking for libxml2 - version >= 2.6.16
configure:25117: gcc -o conftest -fPIC -DLINUX  -I/home/chuanfuyap/Applications/anaconda2/include/libxml2  conftest.c -L/home/chuanfuyap/Applications/anaconda2/lib -lxml2 -lz -lm -ldl -lm  >&5
configure:25117: $? = 0
configure:25117: ./conftest
configure:25117: $? = 0
configure:25131: result: yes (version 2.9.2)
configure:25585: checking for zlib library
configure:25588: result: yes
configure:25610: checking for deflate in -lz
configure:25635: gcc -o conftest -fPIC -DLINUX   conftest.c -lz  -lm  >&5
configure:25635: $? = 0
configure:25644: result: yes
configure:25731: checking zlib.h usability
configure:25731: gcc -c -fPIC -DLINUX  conftest.c >&5
configure:25731: $? = 0
configure:25731: result: yes
configure:25731: checking zlib.h presence
configure:25731: gcc -E -DLINUX  conftest.c
configure:25731: $? = 0
configure:25731: result: yes
configure:25731: checking for zlib.h
configure:25731: result: yes
configure:25762: checking for possibly buggy zlib
configure:25797: gcc -o conftest -fPIC -DLINUX   conftest.c -lz -lm  >&5
configure:25797: $? = 0
configure:25797: ./conftest
found zlib version 1.2.8 (1020800)
configure:25797: $? = 0
configure:25798: result: no
configure:25869: checking for bzip2 library
configure:25872: result: yes
configure:25895: checking for BZ2_bzopen in -lbz2
configure:25920: gcc -o conftest -fPIC -DLINUX   conftest.c -lbz2  -lm  >&5
/usr/bin/ld: cannot find -lbz2
collect2: error: ld returned 1 exit status
configure:25920: $? = 1
configure: failed program was:
| /* confdefs.h */
| #define PACKAGE_NAME "libSBML"
| #define PACKAGE_TARNAME "libsbml"
| #define PACKAGE_VERSION "5.13.0"
| #define PACKAGE_STRING "libSBML 5.13.0"
| #define PACKAGE_BUGREPORT "libsbml-team@caltech.edu"
| #define PACKAGE_URL "http://sbml.org/Software/libSBML"
| #define USE_COMPRESSION 1
| #define LIBSBML_SHARED_VERSION 1
| #define SHAREDLIBEXT 1
| #define HOST_TYPE 1
| #define LIBSUFFIX 1
| #define RUN_LDPATH 1
| #define STDC_HEADERS 1
| #define HAVE_SYS_TYPES_H 1
| #define HAVE_SYS_STAT_H 1
| #define HAVE_STDLIB_H 1
| #define HAVE_STRING_H 1
| #define HAVE_MEMORY_H 1
| #define HAVE_STRINGS_H 1
| #define HAVE_INTTYPES_H 1
| #define HAVE_STDINT_H 1
| #define HAVE_UNISTD_H 1
| #define HAVE_DLFCN_H 1
| #define HAVE_LIBM 1
| #define USE_LIBXML 1
| #define HAVE_LIBZ 1
| #define USE_ZLIB 1
| /* end confdefs.h.  */
| 
| /* Override any GCC internal prototype to avoid an error.
|    Use char because int might match the return type of a GCC
|    builtin and then its argument prototype would still apply.  */
| #ifdef __cplusplus
| extern "C"
| #endif
| char BZ2_bzopen ();
| int
| main ()
| {
| return BZ2_bzopen ();
|   ;
|   return 0;
| }
configure:25929: result: no
configure:25961: gcc -o conftest -fPIC -I/usr/include -I/usr/local/include -DLINUX   -L/usr/lib64 -L/usr/local/lib64   conftest.c -lm  -lbz2 >&5
/usr/bin/ld: cannot find -lbz2
collect2: error: ld returned 1 exit status
configure:25961: $? = 1
configure: failed program was:
| /* confdefs.h */
| #define PACKAGE_NAME "libSBML"
| #define PACKAGE_TARNAME "libsbml"
| #define PACKAGE_VERSION "5.13.0"
| #define PACKAGE_STRING "libSBML 5.13.0"
| #define PACKAGE_BUGREPORT "libsbml-team@caltech.edu"
| #define PACKAGE_URL "http://sbml.org/Software/libSBML"
| #define USE_COMPRESSION 1
| #define LIBSBML_SHARED_VERSION 1
| #define SHAREDLIBEXT 1
| #define HOST_TYPE 1
| #define LIBSUFFIX 1
| #define RUN_LDPATH 1
| #define STDC_HEADERS 1
| #define HAVE_SYS_TYPES_H 1
| #define HAVE_SYS_STAT_H 1
| #define HAVE_STDLIB_H 1
| #define HAVE_STRING_H 1
| #define HAVE_MEMORY_H 1
| #define HAVE_STRINGS_H 1
| #define HAVE_INTTYPES_H 1
| #define HAVE_STDINT_H 1
| #define HAVE_UNISTD_H 1
| #define HAVE_DLFCN_H 1
| #define HAVE_LIBM 1
| #define USE_LIBXML 1
| #define HAVE_LIBZ 1
| #define USE_ZLIB 1
| /* end confdefs.h.  */
| 
| /* Override any GCC internal prototype to avoid an error.
|    Use char because int might match the return type of a GCC
|    builtin and then its argument prototype would still apply.  */
| #ifdef __cplusplus
| extern "C"
| #endif
| char BZ2_bzopen ();
| int
| main ()
| {
| return BZ2_bzopen ();
|   ;
|   return 0;
| }
configure:25975: WARNING: *** bzip2 missing.
configure:25988: checking bzlib.h usability
configure:25988: gcc -c -fPIC -I/usr/include -I/usr/local/include -DLINUX   conftest.c >&5
conftest.c:63:19: fatal error: bzlib.h: No such file or directory
compilation terminated.
configure:25988: $? = 1
configure: failed program was:
| /* confdefs.h */
| #define PACKAGE_NAME "libSBML"
| #define PACKAGE_TARNAME "libsbml"
| #define PACKAGE_VERSION "5.13.0"
| #define PACKAGE_STRING "libSBML 5.13.0"
| #define PACKAGE_BUGREPORT "libsbml-team@caltech.edu"
| #define PACKAGE_URL "http://sbml.org/Software/libSBML"
| #define USE_COMPRESSION 1
| #define LIBSBML_SHARED_VERSION 1
| #define SHAREDLIBEXT 1
| #define HOST_TYPE 1
| #define LIBSUFFIX 1
| #define RUN_LDPATH 1
| #define STDC_HEADERS 1
| #define HAVE_SYS_TYPES_H 1
| #define HAVE_SYS_STAT_H 1
| #define HAVE_STDLIB_H 1
| #define HAVE_STRING_H 1
| #define HAVE_MEMORY_H 1
| #define HAVE_STRINGS_H 1
| #define HAVE_INTTYPES_H 1
| #define HAVE_STDINT_H 1
| #define HAVE_UNISTD_H 1
| #define HAVE_DLFCN_H 1
| #define HAVE_LIBM 1
| #define USE_LIBXML 1
| #define HAVE_LIBZ 1
| #define USE_ZLIB 1
| /* end confdefs.h.  */
| #include <stdio.h>
| #ifdef HAVE_SYS_TYPES_H
| # include <sys/types.h>
| #endif
| #ifdef HAVE_SYS_STAT_H
| # include <sys/stat.h>
| #endif
| #ifdef STDC_HEADERS
| # include <stdlib.h>
| # include <stddef.h>
| #else
| # ifdef HAVE_STDLIB_H
| #  include <stdlib.h>
| # endif
| #endif
| #ifdef HAVE_STRING_H
| # if !defined STDC_HEADERS && defined HAVE_MEMORY_H
| #  include <memory.h>
| # endif
| # include <string.h>
| #endif
| #ifdef HAVE_STRINGS_H
| # include <strings.h>
| #endif
| #ifdef HAVE_INTTYPES_H
| # include <inttypes.h>
| #endif
| #ifdef HAVE_STDINT_H
| # include <stdint.h>
| #endif
| #ifdef HAVE_UNISTD_H
| # include <unistd.h>
| #endif
| #include <bzlib.h>
configure:25988: result: no
configure:25988: checking bzlib.h presence
configure:25988: gcc -E -I/usr/include -I/usr/local/include -DLINUX   conftest.c
conftest.c:30:19: fatal error: bzlib.h: No such file or directory
compilation terminated.
configure:25988: $? = 1
configure: failed program was:
| /* confdefs.h */
| #define PACKAGE_NAME "libSBML"
| #define PACKAGE_TARNAME "libsbml"
| #define PACKAGE_VERSION "5.13.0"
| #define PACKAGE_STRING "libSBML 5.13.0"
| #define PACKAGE_BUGREPORT "libsbml-team@caltech.edu"
| #define PACKAGE_URL "http://sbml.org/Software/libSBML"
| #define USE_COMPRESSION 1
| #define LIBSBML_SHARED_VERSION 1
| #define SHAREDLIBEXT 1
| #define HOST_TYPE 1
| #define LIBSUFFIX 1
| #define RUN_LDPATH 1
| #define STDC_HEADERS 1
| #define HAVE_SYS_TYPES_H 1
| #define HAVE_SYS_STAT_H 1
| #define HAVE_STDLIB_H 1
| #define HAVE_STRING_H 1
| #define HAVE_MEMORY_H 1
| #define HAVE_STRINGS_H 1
| #define HAVE_INTTYPES_H 1
| #define HAVE_STDINT_H 1
| #define HAVE_UNISTD_H 1
| #define HAVE_DLFCN_H 1
| #define HAVE_LIBM 1
| #define USE_LIBXML 1
| #define HAVE_LIBZ 1
| #define USE_ZLIB 1
| /* end confdefs.h.  */
| #include <bzlib.h>
configure:25988: result: no
configure:25988: checking for bzlib.h
configure:25988: result: no
configure:25999: WARNING: *** bzlib.h missing.
configure:26025: WARNING: bzip2 was not found by autodetection.
configure:26038: checking for ANSI C header files
configure:26142: result: yes
configure:26152: checking errno.h usability
configure:26152: gcc -c -fPIC -DLINUX  conftest.c >&5
configure:26152: $? = 0
configure:26152: result: yes
configure:26152: checking errno.h presence
configure:26152: gcc -E -DLINUX  conftest.c
configure:26152: $? = 0
configure:26152: result: yes
configure:26152: checking for errno.h
configure:26152: result: yes
configure:26164: checking math.h usability
configure:26164: gcc -c -fPIC -DLINUX  conftest.c >&5
configure:26164: $? = 0
configure:26164: result: yes
configure:26164: checking math.h presence
configure:26164: gcc -E -DLINUX  conftest.c
configure:26164: $? = 0
configure:26164: result: yes
configure:26164: checking for math.h
configure:26164: result: yes
configure:26176: checking ieeefp.h usability
configure:26176: gcc -c -fPIC -DLINUX  conftest.c >&5
conftest.c:66:20: fatal error: ieeefp.h: No such file or directory
compilation terminated.
configure:26176: $? = 1
configure: failed program was:
| /* confdefs.h */
| #define PACKAGE_NAME "libSBML"
| #define PACKAGE_TARNAME "libsbml"
| #define PACKAGE_VERSION "5.13.0"
| #define PACKAGE_STRING "libSBML 5.13.0"
| #define PACKAGE_BUGREPORT "libsbml-team@caltech.edu"
| #define PACKAGE_URL "http://sbml.org/Software/libSBML"
| #define USE_COMPRESSION 1
| #define LIBSBML_SHARED_VERSION 1
| #define SHAREDLIBEXT 1
| #define HOST_TYPE 1
| #define LIBSUFFIX 1
| #define RUN_LDPATH 1
| #define STDC_HEADERS 1
| #define HAVE_SYS_TYPES_H 1
| #define HAVE_SYS_STAT_H 1
| #define HAVE_STDLIB_H 1
| #define HAVE_STRING_H 1
| #define HAVE_MEMORY_H 1
| #define HAVE_STRINGS_H 1
| #define HAVE_INTTYPES_H 1
| #define HAVE_STDINT_H 1
| #define HAVE_UNISTD_H 1
| #define HAVE_DLFCN_H 1
| #define HAVE_LIBM 1
| #define USE_LIBXML 1
| #define HAVE_LIBZ 1
| #define USE_ZLIB 1
| #define STDC_HEADERS 1
| #define HAVE_ERRNO_H 1
| #define HAVE_MATH_H 1
| /* end confdefs.h.  */
| #include <stdio.h>
| #ifdef HAVE_SYS_TYPES_H
| # include <sys/types.h>
| #endif
| #ifdef HAVE_SYS_STAT_H
| # include <sys/stat.h>
| #endif
| #ifdef STDC_HEADERS
| # include <stdlib.h>
| # include <stddef.h>
| #else
| # ifdef HAVE_STDLIB_H
| #  include <stdlib.h>
| # endif
| #endif
| #ifdef HAVE_STRING_H
| # if !defined STDC_HEADERS && defined HAVE_MEMORY_H
| #  include <memory.h>
| # endif
| # include <string.h>
| #endif
| #ifdef HAVE_STRINGS_H
| # include <strings.h>
| #endif
| #ifdef HAVE_INTTYPES_H
| # include <inttypes.h>
| #endif
| #ifdef HAVE_STDINT_H
| # include <stdint.h>
| #endif
| #ifdef HAVE_UNISTD_H
| # include <unistd.h>
| #endif
| #include <ieeefp.h>
configure:26176: result: no
configure:26176: checking ieeefp.h presence
configure:26176: gcc -E -DLINUX  conftest.c
conftest.c:33:20: fatal error: ieeefp.h: No such file or directory
compilation terminated.
configure:26176: $? = 1
configure: failed program was:
| /* confdefs.h */
| #define PACKAGE_NAME "libSBML"
| #define PACKAGE_TARNAME "libsbml"
| #define PACKAGE_VERSION "5.13.0"
| #define PACKAGE_STRING "libSBML 5.13.0"
| #define PACKAGE_BUGREPORT "libsbml-team@caltech.edu"
| #define PACKAGE_URL "http://sbml.org/Software/libSBML"
| #define USE_COMPRESSION 1
| #define LIBSBML_SHARED_VERSION 1
| #define SHAREDLIBEXT 1
| #define HOST_TYPE 1
| #define LIBSUFFIX 1
| #define RUN_LDPATH 1
| #define STDC_HEADERS 1
| #define HAVE_SYS_TYPES_H 1
| #define HAVE_SYS_STAT_H 1
| #define HAVE_STDLIB_H 1
| #define HAVE_STRING_H 1
| #define HAVE_MEMORY_H 1
| #define HAVE_STRINGS_H 1
| #define HAVE_INTTYPES_H 1
| #define HAVE_STDINT_H 1
| #define HAVE_UNISTD_H 1
| #define HAVE_DLFCN_H 1
| #define HAVE_LIBM 1
| #define USE_LIBXML 1
| #define HAVE_LIBZ 1
| #define USE_ZLIB 1
| #define STDC_HEADERS 1
| #define HAVE_ERRNO_H 1
| #define HAVE_MATH_H 1
| /* end confdefs.h.  */
| #include <ieeefp.h>
configure:26176: result: no
configure:26176: checking for ieeefp.h
configure:26176: result: no
configure:26189: checking whether byte ordering is bigendian
configure:26204: gcc -c -fPIC -DLINUX  conftest.c >&5
conftest.c:34:9: error: unknown type name 'not'
         not a universal capable compiler
         ^
conftest.c:34:15: error: expected '=', ',', ';', 'asm' or '__attribute__' before 'universal'
         not a universal capable compiler
               ^
conftest.c:34:15: error: unknown type name 'universal'
configure:26204: $? = 1
configure: failed program was:
| /* confdefs.h */
| #define PACKAGE_NAME "libSBML"
| #define PACKAGE_TARNAME "libsbml"
| #define PACKAGE_VERSION "5.13.0"
| #define PACKAGE_STRING "libSBML 5.13.0"
| #define PACKAGE_BUGREPORT "libsbml-team@caltech.edu"
| #define PACKAGE_URL "http://sbml.org/Software/libSBML"
| #define USE_COMPRESSION 1
| #define LIBSBML_SHARED_VERSION 1
| #define SHAREDLIBEXT 1
| #define HOST_TYPE 1
| #define LIBSUFFIX 1
| #define RUN_LDPATH 1
| #define STDC_HEADERS 1
| #define HAVE_SYS_TYPES_H 1
| #define HAVE_SYS_STAT_H 1
| #define HAVE_STDLIB_H 1
| #define HAVE_STRING_H 1
| #define HAVE_MEMORY_H 1
| #define HAVE_STRINGS_H 1
| #define HAVE_INTTYPES_H 1
| #define HAVE_STDINT_H 1
| #define HAVE_UNISTD_H 1
| #define HAVE_DLFCN_H 1
| #define HAVE_LIBM 1
| #define USE_LIBXML 1
| #define HAVE_LIBZ 1
| #define USE_ZLIB 1
| #define STDC_HEADERS 1
| #define HAVE_ERRNO_H 1
| #define HAVE_MATH_H 1
| /* end confdefs.h.  */
| #ifndef __APPLE_CC__
| 	       not a universal capable compiler
| 	     #endif
| 	     typedef int dummy;
| 
configure:26249: gcc -c -fPIC -DLINUX  conftest.c >&5
configure:26249: $? = 0
configure:26267: gcc -c -fPIC -DLINUX  conftest.c >&5
conftest.c: In function 'main':
conftest.c:40:4: error: unknown type name 'not'
    not big endian
    ^
conftest.c:40:12: error: expected '=', ',', ';', 'asm' or '__attribute__' before 'endian'
    not big endian
            ^
configure:26267: $? = 1
configure: failed program was:
| /* confdefs.h */
| #define PACKAGE_NAME "libSBML"
| #define PACKAGE_TARNAME "libsbml"
| #define PACKAGE_VERSION "5.13.0"
| #define PACKAGE_STRING "libSBML 5.13.0"
| #define PACKAGE_BUGREPORT "libsbml-team@caltech.edu"
| #define PACKAGE_URL "http://sbml.org/Software/libSBML"
| #define USE_COMPRESSION 1
| #define LIBSBML_SHARED_VERSION 1
| #define SHAREDLIBEXT 1
| #define HOST_TYPE 1
| #define LIBSUFFIX 1
| #define RUN_LDPATH 1
| #define STDC_HEADERS 1
| #define HAVE_SYS_TYPES_H 1
| #define HAVE_SYS_STAT_H 1
| #define HAVE_STDLIB_H 1
| #define HAVE_STRING_H 1
| #define HAVE_MEMORY_H 1
| #define HAVE_STRINGS_H 1
| #define HAVE_INTTYPES_H 1
| #define HAVE_STDINT_H 1
| #define HAVE_UNISTD_H 1
| #define HAVE_DLFCN_H 1
| #define HAVE_LIBM 1
| #define USE_LIBXML 1
| #define HAVE_LIBZ 1
| #define USE_ZLIB 1
| #define STDC_HEADERS 1
| #define HAVE_ERRNO_H 1
| #define HAVE_MATH_H 1
| /* end confdefs.h.  */
| #include <sys/types.h>
| 		#include <sys/param.h>
| 
| int
| main ()
| {
| #if BYTE_ORDER != BIG_ENDIAN
| 		 not big endian
| 		#endif
| 
|   ;
|   return 0;
| }
configure:26395: result: no
configure:26413: checking for an ANSI C-conforming const
configure:26478: gcc -c -fPIC -DLINUX  conftest.c >&5
configure:26478: $? = 0
configure:26485: result: yes
configure:26493: checking for size_t
configure:26493: gcc -c -fPIC -DLINUX  conftest.c >&5
configure:26493: $? = 0
configure:26493: gcc -c -fPIC -DLINUX  conftest.c >&5
conftest.c: In function 'main':
conftest.c:69:21: error: expected expression before ')' token
 if (sizeof ((size_t)))
                     ^
configure:26493: $? = 1
configure: failed program was:
| /* confdefs.h */
| #define PACKAGE_NAME "libSBML"
| #define PACKAGE_TARNAME "libsbml"
| #define PACKAGE_VERSION "5.13.0"
| #define PACKAGE_STRING "libSBML 5.13.0"
| #define PACKAGE_BUGREPORT "libsbml-team@caltech.edu"
| #define PACKAGE_URL "http://sbml.org/Software/libSBML"
| #define USE_COMPRESSION 1
| #define LIBSBML_SHARED_VERSION 1
| #define SHAREDLIBEXT 1
| #define HOST_TYPE 1
| #define LIBSUFFIX 1
| #define RUN_LDPATH 1
| #define STDC_HEADERS 1
| #define HAVE_SYS_TYPES_H 1
| #define HAVE_SYS_STAT_H 1
| #define HAVE_STDLIB_H 1
| #define HAVE_STRING_H 1
| #define HAVE_MEMORY_H 1
| #define HAVE_STRINGS_H 1
| #define HAVE_INTTYPES_H 1
| #define HAVE_STDINT_H 1
| #define HAVE_UNISTD_H 1
| #define HAVE_DLFCN_H 1
| #define HAVE_LIBM 1
| #define USE_LIBXML 1
| #define HAVE_LIBZ 1
| #define USE_ZLIB 1
| #define STDC_HEADERS 1
| #define HAVE_ERRNO_H 1
| #define HAVE_MATH_H 1
| /* end confdefs.h.  */
| #include <stdio.h>
| #ifdef HAVE_SYS_TYPES_H
| # include <sys/types.h>
| #endif
| #ifdef HAVE_SYS_STAT_H
| # include <sys/stat.h>
| #endif
| #ifdef STDC_HEADERS
| # include <stdlib.h>
| # include <stddef.h>
| #else
| # ifdef HAVE_STDLIB_H
| #  include <stdlib.h>
| # endif
| #endif
| #ifdef HAVE_STRING_H
| # if !defined STDC_HEADERS && defined HAVE_MEMORY_H
| #  include <memory.h>
| # endif
| # include <string.h>
| #endif
| #ifdef HAVE_STRINGS_H
| # include <strings.h>
| #endif
| #ifdef HAVE_INTTYPES_H
| # include <inttypes.h>
| #endif
| #ifdef HAVE_STDINT_H
| # include <stdint.h>
| #endif
| #ifdef HAVE_UNISTD_H
| # include <unistd.h>
| #endif
| int
| main ()
| {
| if (sizeof ((size_t)))
| 	    return 0;
|   ;
|   return 0;
| }
configure:26493: result: yes
configure:27119: creating ./config.status

## ---------------------- ##
## Running config.status. ##
## ---------------------- ##

This file was extended by libSBML config.status 5.13.0, which was
generated by GNU Autoconf 2.68.  Invocation command line was

  CONFIG_FILES    = 
  CONFIG_HEADERS  = 
  CONFIG_LINKS    = 
  CONFIG_COMMANDS = 
  $ ./config.status 

on BioLinux-V2

config.status:1208: creating config/makefile-common-vars.mk
config.status:1208: creating config/lt_link_helper.sh
config.status:1208: creating config/mkoctfile_wrapper.sh
config.status:1208: creating config/chk_swig_version.sh
config.status:1208: creating ./Makefile
config.status:1208: creating libsbml.spec
config.status:1208: creating src/Makefile
config.status:1208: creating src/sbml/common/Makefile
config.status:1208: creating src/sbml/common/libsbml-version.h
config.status:1208: creating src/bindings/Makefile
config.status:1208: creating src/bindings/python/Makefile
config.status:1208: creating src/bindings/python/setup.py
config.status:1208: creating src/bindings/perl/Makefile
config.status:1208: creating src/bindings/perl/Makefile.PL
config.status:1208: creating src/bindings/matlab/Makefile
config.status:1208: creating src/bindings/matlab/test/Makefile
config.status:1208: creating src/bindings/octave/Makefile
config.status:1208: creating src/bindings/octave/test/Makefile
config.status:1208: creating src/bindings/java/Makefile
config.status:1208: creating src/bindings/java/Manifest.txt
config.status:1208: creating src/bindings/ruby/Makefile
config.status:1208: creating src/bindings/csharp/Makefile
config.status:1208: creating src/sbml/annotation/Makefile
config.status:1208: creating src/sbml/annotation/test/Makefile
config.status:1208: creating src/sbml/math/Makefile
config.status:1208: creating src/sbml/math/test/Makefile
config.status:1208: creating src/sbml/math-legacy/Makefile
config.status:1208: creating src/sbml/math-legacy/test/Makefile
config.status:1208: creating src/sbml/units/Makefile
config.status:1208: creating src/sbml/units/test/Makefile
config.status:1208: creating src/sbml/Makefile
config.status:1208: creating src/sbml/test/Makefile
config.status:1208: creating src/sbml/util/Makefile
config.status:1208: creating src/sbml/util/test/Makefile
config.status:1208: creating src/sbml/validator/Makefile
config.status:1208: creating src/sbml/validator/constraints/Makefile
config.status:1208: creating src/sbml/validator/test/Makefile
config.status:1208: creating src/sbml/validator/test/test-data/Makefile
config.status:1208: creating src/sbml/validator/test/test-data/sbml-general-consistency-constraints/Makefile
config.status:1208: creating src/sbml/xml/Makefile
config.status:1208: creating src/sbml/xml/test/Makefile
config.status:1208: creating src/sbml/compress/Makefile
config.status:1208: creating src/sbml/extension/Makefile
config.status:1208: creating src/sbml/extension/test/Makefile
config.status:1208: creating src/sbml/extension/RegisterExtensions.h
config.status:1208: creating src/sbml/extension/RegisterExtensions.cxx
config.status:1208: creating src/sbml/conversion/Makefile
config.status:1208: creating src/sbml/conversion/test/Makefile
config.status:1208: creating src/sbml/packages/Makefile
config.status:1208: creating src/sbml/packages/layout/Makefile
config.status:1208: creating src/sbml/packages/layout/common/Makefile
config.status:1208: creating src/sbml/packages/layout/extension/Makefile
config.status:1208: creating src/sbml/packages/layout/sbml/Makefile
config.status:1208: creating src/sbml/packages/layout/sbml/test/Makefile
config.status:1208: creating src/sbml/packages/layout/util/Makefile
config.status:1208: creating src/sbml/packages/layout/validator/Makefile
config.status:1208: creating src/sbml/packages/layout/validator/constraints/Makefile
config.status:1208: creating src/sbml/packages/layout/validator/test/Makefile
config.status:1208: creating src/sbml/packages/layout/validator/test/test-data/Makefile
config.status:1208: creating docs/Makefile
config.status:1208: creating docs/index.html
config.status:1208: creating docs/src/Makefile
config.status:1208: creating docs/src/doxygen-config-c.txt
config.status:1208: creating docs/src/doxygen-config-cpp.txt
config.status:1208: creating docs/src/doxygen-config-csharp.txt
config.status:1208: creating docs/src/doxygen-config-octave.txt
config.status:1208: creating docs/src/doxygen-config-python.txt
config.status:1208: creating docs/src/doxygen-config-perl.txt
config.status:1208: creating docs/src/doxygen-config-matlab.txt
config.status:1208: creating docs/src/common-text/libsbml-downloading.html
config.status:1208: creating docs/src/common-text/libsbml-group-comp-intro.html
config.status:1208: creating docs/src/common-text/libsbml-group-fbc-intro.html
config.status:1208: creating docs/src/common-text/libsbml-group-groups-intro.html
config.status:1208: creating docs/src/common-text/libsbml-group-layout-intro.html
config.status:1208: creating docs/src/common-text/libsbml-group-qual-intro.html
config.status:1208: creating docs/src/common-text/libsbml-installation.html
config.status:1208: creating docs/src/common-text/libsbml-version.html
config.status:1208: creating docs/src/common-text/sbml-specifications-table.html
config.status:1208: creating docs/src/java-substitutions/libsbmlConstants.java
config.status:1208: creating examples/c/Makefile
config.status:1208: creating examples/c++/Makefile
config.status:1208: creating examples/java/Makefile
config.status:1208: creating examples/csharp/Makefile
config.status:1208: creating src/bindings/csharp/local-downcast-extension.i
config.status:1208: creating src/bindings/csharp/local-downcast-namespaces.i
config.status:1208: creating src/bindings/csharp/local-downcast-converters.i
config.status:1208: creating src/bindings/csharp/local-packages.i
config.status:1208: creating src/bindings/java/local-downcast-extension.i
config.status:1208: creating src/bindings/java/local-downcast-namespaces.i
config.status:1208: creating src/bindings/java/local-downcast-converters.i
config.status:1208: creating src/bindings/java/local-packages.i
config.status:1208: creating src/bindings/perl/local-downcast.cpp
config.status:1208: creating src/bindings/perl/local-downcast-extension.cpp
config.status:1208: creating src/bindings/perl/local-downcast-namespaces.cpp
config.status:1208: creating src/bindings/perl/local-downcast-converters.cpp
config.status:1208: creating src/bindings/perl/local-downcast-plugins.cpp
config.status:1208: creating src/bindings/perl/local-packages.i
config.status:1208: creating src/bindings/python/local-downcast.cpp
config.status:1208: creating src/bindings/python/local-downcast-extension.cpp
config.status:1208: creating src/bindings/python/local-downcast-namespaces.cpp
config.status:1208: creating src/bindings/python/local-downcast-converters.cpp
config.status:1208: creating src/bindings/python/local-downcast-plugins.cpp
config.status:1208: creating src/bindings/python/local-packages.i
config.status:1208: creating src/bindings/ruby/local-downcast.cpp
config.status:1208: creating src/bindings/ruby/local-downcast-extension.cpp
config.status:1208: creating src/bindings/ruby/local-downcast-namespaces.cpp
config.status:1208: creating src/bindings/ruby/local-downcast-converters.cpp
config.status:1208: creating src/bindings/ruby/local-downcast-plugins.cpp
config.status:1208: creating src/bindings/ruby/local-packages.i
config.status:1208: creating src/bindings/swig/libsbml-packages.h
config.status:1208: creating src/bindings/swig/libsbml-packages.i
config.status:1208: creating macosx/Makefile
config.status:1208: creating macosx/build.sh
config.status:1208: creating macosx/resources/package-intro.txt
config.status:1208: creating macosx/resources/package-readme.txt
config.status:1208: creating macosx/libsbml-package.pmdoc/01local-contents.xml
config.status:1208: creating macosx/libsbml-package.pmdoc/01local.xml
config.status:1208: creating macosx/libsbml-package.pmdoc/index.xml
config.status:1208: creating src/sbml/common/libsbml-config-common.h
config.status:1383: src/sbml/common/libsbml-config-common.h is unchanged
config.status:1208: creating src/sbml/common/libsbml-package.h
config.status:1383: src/sbml/common/libsbml-package.h is unchanged
config.status:1208: creating src/sbml/common/libsbml-namespace.h
config.status:1383: src/sbml/common/libsbml-namespace.h is unchanged

## ---------------- ##
## Cache variables. ##
## ---------------- ##

ac_cv_build=x86_64-unknown-linux-gnu
ac_cv_c_bigendian=no
ac_cv_c_compiler_gnu=yes
ac_cv_c_const=yes
ac_cv_cxx_compiler_gnu=yes
ac_cv_env_CCC_set=
ac_cv_env_CCC_value=
ac_cv_env_CC_set=
ac_cv_env_CC_value=
ac_cv_env_CFLAGS_set=set
ac_cv_env_CFLAGS_value=-fPIC
ac_cv_env_CPPFLAGS_set=
ac_cv_env_CPPFLAGS_value=
ac_cv_env_CPP_set=
ac_cv_env_CPP_value=
ac_cv_env_CXXCPP_set=
ac_cv_env_CXXCPP_value=
ac_cv_env_CXXFLAGS_set=
ac_cv_env_CXXFLAGS_value=
ac_cv_env_CXX_set=
ac_cv_env_CXX_value=
ac_cv_env_F77_set=
ac_cv_env_F77_value=
ac_cv_env_FFLAGS_set=
ac_cv_env_FFLAGS_value=
ac_cv_env_LDFLAGS_set=
ac_cv_env_LDFLAGS_value=
ac_cv_env_LIBS_set=
ac_cv_env_LIBS_value=
ac_cv_env_PERL_set=
ac_cv_env_PERL_value=
ac_cv_env_PYTHON_set=
ac_cv_env_PYTHON_value=
ac_cv_env_RUBY_set=
ac_cv_env_RUBY_value=
ac_cv_env_build_alias_set=
ac_cv_env_build_alias_value=
ac_cv_env_host_alias_set=
ac_cv_env_host_alias_value=
ac_cv_env_target_alias_set=
ac_cv_env_target_alias_value=
ac_cv_f77_compiler_gnu=no
ac_cv_header_bzlib_h=no
ac_cv_header_dlfcn_h=yes
ac_cv_header_errno_h=yes
ac_cv_header_ieeefp_h=no
ac_cv_header_inttypes_h=yes
ac_cv_header_math_h=yes
ac_cv_header_memory_h=yes
ac_cv_header_stdc=yes
ac_cv_header_stdint_h=yes
ac_cv_header_stdlib_h=yes
ac_cv_header_string_h=yes
ac_cv_header_strings_h=yes
ac_cv_header_sys_stat_h=yes
ac_cv_header_sys_types_h=yes
ac_cv_header_unistd_h=yes
ac_cv_header_zlib_h=yes
ac_cv_host=x86_64-unknown-linux-gnu
ac_cv_lib_bz2_BZ2_bzopen=no
ac_cv_lib_m_isnan=yes
ac_cv_lib_z_deflate=yes
ac_cv_objext=o
ac_cv_path_ACLOCAL=aclocal
ac_cv_path_AUTOCONF=autoconf
ac_cv_path_DOLT_BASH=/bin/bash
ac_cv_path_EGREP='/bin/grep -E'
ac_cv_path_GREP=/bin/grep
ac_cv_path_XML2_CONFIG=/home/chuanfuyap/Applications/anaconda2/bin/xml2-config
ac_cv_path_install='/usr/bin/install -c'
ac_cv_prog_CPP='gcc -E'
ac_cv_prog_CXXCPP='g++ -E'
ac_cv_prog_ac_ct_AR=ar
ac_cv_prog_ac_ct_CC=gcc
ac_cv_prog_ac_ct_CXX=g++
ac_cv_prog_ac_ct_RANLIB=ranlib
ac_cv_prog_ac_ct_STRIP=strip
ac_cv_prog_cc_c89=
ac_cv_prog_cc_g=yes
ac_cv_prog_cxx_g=yes
ac_cv_prog_f77_g=no
ac_cv_prog_make_make_set=yes
ac_cv_type_size_t=yes
lt_cv_deplibs_check_method=pass_all
lt_cv_file_magic_cmd='$MAGIC_CMD'
lt_cv_file_magic_test_file=
lt_cv_ld_reload_flag=-r
lt_cv_objdir=.libs
lt_cv_path_LD=/usr/bin/ld
lt_cv_path_LDCXX='/usr/bin/ld -m elf_x86_64'
lt_cv_path_NM='/usr/bin/nm -B'
lt_cv_path_SED=/bin/sed
lt_cv_prog_compiler_c_o=yes
lt_cv_prog_compiler_c_o_CXX=yes
lt_cv_prog_compiler_pic_works=yes
lt_cv_prog_compiler_pic_works_CXX=yes
lt_cv_prog_compiler_rtti_exceptions=no
lt_cv_prog_compiler_static_works=yes
lt_cv_prog_compiler_static_works_CXX=yes
lt_cv_prog_gnu_ld=yes
lt_cv_prog_gnu_ldcxx=yes
lt_cv_sys_global_symbol_pipe='sed -n -e '\''s/^.*[ 	]\([ABCDGIRSTW][ABCDGIRSTW]*\)[ 	][ 	]*\([_A-Za-z][_A-Za-z0-9]*\)$/\1 \2 \2/p'\'''
lt_cv_sys_global_symbol_to_c_name_address='sed -n -e '\''s/^: \([^ ]*\) $/  {\"\1\", (lt_ptr) 0},/p'\'' -e '\''s/^[BCDEGRST] \([^ ]*\) \([^ ]*\)$/  {"\2", (lt_ptr) \&\2},/p'\'''
lt_cv_sys_global_symbol_to_cdecl='sed -n -e '\''s/^. .* \(.*\)$/extern int \1;/p'\'''
lt_cv_sys_lib_dlsearch_path_spec='/lib /usr/lib /usr/lib/x86_64-linux-gnu/libfakeroot /lib/i386-linux-gnu /usr/lib/i386-linux-gnu /lib/i686-linux-gnu /usr/lib/i686-linux-gnu /usr/local/lib /lib/x86_64-linux-gnu /usr/lib/x86_64-linux-gnu /usr/lib/x86_64-linux-gnu/mesa-egl /usr/lib/x86_64-linux-gnu/mesa '
lt_cv_sys_lib_search_path_spec='/usr/lib/gcc/x86_64-linux-gnu/5 /usr/lib/x86_64-linux-gnu /usr/lib /lib/x86_64-linux-gnu /lib'
lt_cv_sys_max_cmd_len=1572864
lt_lt_cv_prog_compiler_c_o='"yes"'
lt_lt_cv_prog_compiler_c_o_CXX='"yes"'
lt_lt_cv_sys_global_symbol_pipe='"sed -n -e '\''s/^.*[ 	]\\([ABCDGIRSTW][ABCDGIRSTW]*\\)[ 	][ 	]*\\([_A-Za-z][_A-Za-z0-9]*\\)\$/\\1 \\2 \\2/p'\''"'
lt_lt_cv_sys_global_symbol_to_c_name_address='"sed -n -e '\''s/^: \\([^ ]*\\) \$/  {\\\"\\1\\\", (lt_ptr) 0},/p'\'' -e '\''s/^[BCDEGRST] \\([^ ]*\\) \\([^ ]*\\)\$/  {\"\\2\", (lt_ptr) \\&\\2},/p'\''"'
lt_lt_cv_sys_global_symbol_to_cdecl='"sed -n -e '\''s/^. .* \\(.*\\)\$/extern int \\1;/p'\''"'

## ----------------- ##
## Output variables. ##
## ----------------- ##

ACLOCAL='aclocal'
AR='ar'
AS='as'
AUTOCONF='autoconf'
BUGGY_APPLE_LIBXML=''
BZ2_CPPFLAGS=''
BZ2_LDFLAGS=''
BZ2_LIBS=''
CC='gcc'
CFLAGS='-fPIC'
CPP='gcc -E'
CPPFLAGS='-DLINUX '
CSHARP_CILINTERPRETER=''
CSHARP_COMPILER=''
CSHARP_CPPFLAGS=''
CSHARP_EXT=''
CSHARP_LDFLAGS=''
CSHARP_SWIGFLAGS=''
CXX='g++'
CXXCPP='g++ -E'
CXXFLAGS=''
DEFS='-DHAVE_CONFIG_H'
DLLTOOL='dlltool'
DOLT_BASH='/bin/bash'
DOXYGEN='no-doxygen-found'
DOXYGEN_CONFIG_OPT=''
DSYMUTIL=''
ECHO='echo'
ECHO_C=''
ECHO_N='-n'
ECHO_T=''
EGREP='/bin/grep -E'
EXEEXT=''
EXPAT_CPPFLAGS=''
EXPAT_LDFLAGS=''
EXPAT_LIBS=''
F77=''
FFLAGS=''
FILE=''
GACUTIL=''
GREP='/bin/grep'
HAS_GCC_WNO_LONG_DOUBLE='1'
HOST_TYPE='linux'
INSTALL_DATA='${INSTALL} -m 644'
INSTALL_PROGRAM='${INSTALL}'
INSTALL_SCRIPT='${INSTALL}'
JAR=''
JAVA=''
JAVAC=''
JAVADOC_JAR=''
JAVA_CPPFLAGS=''
JAVA_LDFLAGS=''
JNIBASENAME=''
JNIEXT=''
LDFLAGS=''
LIBCHECK_CPPFLAGS=''
LIBCHECK_LDFLAGS=''
LIBCHECK_LIBS=''
LIBOBJS=''
LIBS='-lm '
LIBSBML_BETA_VERSION=''
LIBSBML_HAS_PACKAGE_COMP=''
LIBSBML_HAS_PACKAGE_FBC=''
LIBSBML_HAS_PACKAGE_GROUPS=''
LIBSBML_HAS_PACKAGE_LAYOUT=''
LIBSBML_HAS_PACKAGE_QUAL=''
LIBSBML_MAJOR_VERSION='5'
LIBSBML_MINOR_VERSION='13'
LIBSBML_OPTIONS=' USE_UNIVBINARY USE_PYTHON USE_PERL USE_JAVA USE_MATLAB USE_OCTAVE USE_RUBY USE_CSHARP USE_SWIG USE_EXPAT USE_XERCES USE_LIBCHECK USE_ZLIB'
LIBSBML_REVISION_VERSION='0'
LIBSBML_SHARED_VERSION='1'
LIBSBML_USE_LEGACY_MATH=''
LIBSBML_USE_STRICT_INCLUDES=''
LIBSBML_VERSION_NUMERIC='51300'
LIBSUFFIX='64'
LIBTOOL='$(top_builddir)/doltlibtool'
LIBXML_CPPFLAGS='-I/home/chuanfuyap/Applications/anaconda2/include/libxml2'
LIBXML_LDFLAGS=''
LIBXML_LIBS='-L/home/chuanfuyap/Applications/anaconda2/lib -lxml2 -lz -lm -ldl'
LN_S='ln -s'
LOCALOCTFILEDIR=''
LTCOMPILE='$(top_builddir)/doltcompile $(COMPILE)'
LTCXXCOMPILE='$(top_builddir)/doltcompile $(CXXCOMPILE)'
LTLIBOBJS=''
MATLAB=''
MKOCTFILE=''
MKOCTFILE_FLAGS=''
NMEDIT=''
OBJDUMP='objdump'
OBJEXT='o'
OCTAVE=''
OCTAVEEXT=''
OCTAVE_CONFIG=''
PACKAGE_BUGREPORT='libsbml-team@caltech.edu'
PACKAGE_COMP_ERRATA_URL='http://sbml.org/Documents/Specifications/SBML_Level_3/Packages/Hierarchical_Model_Composition_%28comp%29/Confirmed_issues_in_the_Hierarchical_Model_Composition_package_specification'
PACKAGE_COMP_RELEASE='3'
PACKAGE_COMP_SPEC_URL='http://sbml.org/specifications/sbml-level-3/version-1/comp/sbml-comp-version-1-release-3.pdf'
PACKAGE_COMP_VERSION='1'
PACKAGE_FBC_V1_ERRATA_URL='http://sbml.org/Documents/Specifications/SBML_Level_3/Packages/Flux_Balance_Constraints_%28flux%29/Confirmed_issues_in_the_Flux_Balance_Constraints_package_specification'
PACKAGE_FBC_V1_RELEASE='1'
PACKAGE_FBC_V1_SPEC_URL='http://identifiers.org/combine.specifications/sbml.level-3.version-1.fbc.version-1.release-1'
PACKAGE_FBC_V1_VERSION='1'
PACKAGE_FBC_V2_ERRATA_URL='http://sbml.org/Documents/Specifications/SBML_Level_3/Packages/Flux_Balance_Constraints_%28flux%29/Confirmed_issues_in_the_Flux_Balance_Constraints_package_specification'
PACKAGE_FBC_V2_RELEASE='1'
PACKAGE_FBC_V2_SPEC_URL='http://identifiers.org/combine.specifications/sbml.level-3.version-1.fbc.version-2.release-1'
PACKAGE_FBC_V2_VERSION='2'
PACKAGE_GROUPS_V1_ERRATA_URL='http://sbml.org/Documents/Specifications/SBML_Level_3/Packages/Groups/Confirmed_issues_in_the_Groups_package_specification'
PACKAGE_GROUPS_V1_RELEASE='1'
PACKAGE_GROUPS_V1_SPEC_URL='http://identifiers.org/combine.specifications/sbml.level-3.version-1.groups.version-1.release-1'
PACKAGE_GROUPS_V1_VERSION='1'
PACKAGE_LAYOUT_ERRATA_URL='http://sbml.org/Documents/Specifications/SBML_Level_3/Packages/Layout_%28layout%29/Confirmed_issues_in_the_Layout_package_specification'
PACKAGE_LAYOUT_RELEASE='1'
PACKAGE_LAYOUT_SPEC_URL='http://identifiers.org/combine.specifications/sbml.level-3.version-1.layout.version-1.release-1'
PACKAGE_LAYOUT_VERSION='1'
PACKAGE_NAME='libSBML'
PACKAGE_QUAL_ERRATA_URL='http://sbml.org/Documents/Specifications/SBML_Level_3/Packages/Qualitative_Models_%28qual%29/Confirmed_issues_in_the_Qualitative_Models_package_specification'
PACKAGE_QUAL_RELEASE='1'
PACKAGE_QUAL_SPEC_URL='http://identifiers.org/combine.specifications/sbml.level-3.version-1.qual.version-1.release-1'
PACKAGE_QUAL_VERSION='1'
PACKAGE_STRING='libSBML 5.13.0'
PACKAGE_TARNAME='libsbml'
PACKAGE_URL='http://sbml.org/Software/libSBML'
PACKAGE_VERSION='5.13.0'
PATH_SEPARATOR=':'
PERL=''
PERL_CPPFLAGS=''
PERL_LDFLAGS=''
PERL_LIBS=''
PYTHON='no'
PYTHON_CONFIG=''
PYTHON_CPPFLAGS=''
PYTHON_EXT=''
PYTHON_LDFLAGS=''
PYTHON_LIBS=''
RANLIB='ranlib'
RUBY=''
RUBY_CPPFLAGS=''
RUBY_INSTALL_DIR=''
RUBY_LDFLAGS=''
RUBY_LIBS=''
RUN_LDPATH='/usr/local/lib'
SED='/bin/sed'
SET_MAKE=''
SHAREDLIBEXT='so'
SHELL='/bin/bash'
SN=''
STRIP='strip'
SWIG='swig'
SWIGFLAGS=''
SWIGLIB=''
SWIGNEEDVERSION='2.0.0'
SWIG_CONFIG_OPT=''
SWIG_CPPFLAGS=''
SWIG_LDFLAGS=''
SWIG_LIBS=''
USE_BZ2=''
USE_COMP=''
USE_COMPRESSION='1'
USE_CSHARP=''
USE_DOXYGEN=''
USE_EXPAT=''
USE_FBC=''
USE_GROUPS=''
USE_JAVA=''
USE_LAYOUT=''
USE_LIBCHECK=''
USE_LIBXML='1'
USE_MATLAB=''
USE_OCTAVE=''
USE_PERL=''
USE_PYTHON=''
USE_QUAL=''
USE_RUBY=''
USE_SUN_CC=''
USE_SWIG=''
USE_UNIVBINARY=''
USE_XERCES=''
USE_ZLIB='1'
XERCES_CPPFLAGS=''
XERCES_LDFLAGS=''
XERCES_LIBS=''
XML2_CONFIG='/home/chuanfuyap/Applications/anaconda2/bin/xml2-config'
XML_PARSER='libxml2'
ZLIB_CPPFLAGS=''
ZLIB_LDFLAGS=''
ZLIB_LIBS='-lz'
ac_ct_CC='gcc'
ac_ct_CXX='g++'
ac_ct_F77=''
bindir='${exec_prefix}/bin'
build='x86_64-unknown-linux-gnu'
build_alias=''
build_cpu='x86_64'
build_os='linux-gnu'
build_vendor='unknown'
datadir='${datarootdir}'
datarootdir='${prefix}/share'
docdir='${datarootdir}/doc/${PACKAGE_TARNAME}'
dvidir='${docdir}'
exec_prefix='${prefix}'
host='x86_64-unknown-linux-gnu'
host_alias=''
host_cpu='x86_64'
host_os='linux-gnu'
host_vendor='unknown'
htmldir='${docdir}'
includedir='${prefix}/include'
infodir='${datarootdir}/info'
libdir='${exec_prefix}/lib'
libexecdir='${exec_prefix}/libexec'
localedir='${datarootdir}/locale'
localstatedir='${prefix}/var'
mandir='${datarootdir}/man'
oldincludedir='/usr/include'
pdfdir='${docdir}'
prefix='/home/chuanfuyap/NetbeansProjects/SOSlibJNIC/solverLibraries'
program_transform_name='s,x,x,'
psdir='${docdir}'
sbindir='${exec_prefix}/sbin'
sharedstatedir='${prefix}/com'
sysconfdir='${prefix}/etc'
target_alias=''

## ----------- ##
## confdefs.h. ##
## ----------- ##

/* confdefs.h */
#define PACKAGE_NAME "libSBML"
#define PACKAGE_TARNAME "libsbml"
#define PACKAGE_VERSION "5.13.0"
#define PACKAGE_STRING "libSBML 5.13.0"
#define PACKAGE_BUGREPORT "libsbml-team@caltech.edu"
#define PACKAGE_URL "http://sbml.org/Software/libSBML"
#define USE_COMPRESSION 1
#define LIBSBML_SHARED_VERSION 1
#define SHAREDLIBEXT 1
#define HOST_TYPE 1
#define LIBSUFFIX 1
#define RUN_LDPATH 1
#define STDC_HEADERS 1
#define HAVE_SYS_TYPES_H 1
#define HAVE_SYS_STAT_H 1
#define HAVE_STDLIB_H 1
#define HAVE_STRING_H 1
#define HAVE_MEMORY_H 1
#define HAVE_STRINGS_H 1
#define HAVE_INTTYPES_H 1
#define HAVE_STDINT_H 1
#define HAVE_UNISTD_H 1
#define HAVE_DLFCN_H 1
#define HAVE_LIBM 1
#define USE_LIBXML 1
#define HAVE_LIBZ 1
#define USE_ZLIB 1
#define STDC_HEADERS 1
#define HAVE_ERRNO_H 1
#define HAVE_MATH_H 1
#define LIBSBML_OPTIONS 1

configure: exit 0
