This file contains any messages produced by compilers while
running configure, to aid debugging if configure makes a mistake.

It was created by odeSolver configure 1.7.0beta, which was
generated by GNU Autoconf 2.69.  Invocation command line was

  $ ./configure --with-sundials=/home/chuanfuyap/NetbeansProjects/SOSlibJNIC/solverLibraries/lib --with-libsbml=/home/chuanfuyap/NetbeansProjects/SOSlibJNIC/solverLibraries/lib --prefix=/home/chuanfuyap/NetbeansProjects/SOSlibJNIC/solverLibraries CFLAGS=-fPIC

## --------- ##
## Platform. ##
## --------- ##

hostname = BioLinux-V2
uname -m = x86_64
uname -r = 4.4.0-53-generic
uname -s = Linux
uname -v = #74-Ubuntu SMP Fri Dec 2 15:59:10 UTC 2016

/usr/bin/uname -p = unknown
/bin/uname -X     = unknown

/bin/arch              = unknown
/usr/bin/arch -k       = unknown
/usr/convex/getsysinfo = unknown
/usr/bin/hostinfo      = unknown
/bin/machine           = unknown
/usr/bin/oslevel       = unknown
/bin/universe          = unknown

PATH: /home/chuanfuyap/Applications/anaconda2/bin
PATH: /home/chuanfuyap/Applications/apache-maven-3.3.9/bin
PATH: /usr/local/sbin
PATH: /usr/local/bin
PATH: /usr/sbin
PATH: /usr/bin
PATH: /sbin
PATH: /bin
PATH: /usr/games
PATH: /usr/local/games
PATH: /usr/bin/gcc-4.8
PATH: /usr/bin/g++-4.8
PATH: /snap/bin
PATH: /usr/lib/cd-hit
PATH: /usr/lib/jvm/java-8-oracle/bin
PATH: /usr/lib/jvm/java-8-oracle/db/bin
PATH: /usr/lib/jvm/java-8-oracle/jre/bin
PATH: /usr/lib/cd-hit


## ----------- ##
## Core tests. ##
## ----------- ##

configure:2508: checking for a BSD-compatible install
configure:2576: result: /usr/bin/install -c
configure:2587: checking whether build environment is sane
configure:2642: result: yes
configure:2793: checking for a thread-safe mkdir -p
configure:2832: result: /bin/mkdir -p
configure:2839: checking for gawk
configure:2855: found /usr/bin/gawk
configure:2866: result: gawk
configure:2877: checking whether make sets $(MAKE)
configure:2899: result: yes
configure:2928: checking whether make supports nested variables
configure:2945: result: yes
configure:3076: checking build system type
configure:3090: result: x86_64-pc-linux-gnu
configure:3110: checking host system type
configure:3123: result: x86_64-pc-linux-gnu
configure:3195: checking for style of include used by make
configure:3223: result: GNU
configure:3294: checking for gcc
configure:3310: found /usr/bin/gcc
configure:3321: result: gcc
configure:3550: checking for C compiler version
configure:3559: gcc --version >&5
gcc (Ubuntu 5.4.0-6ubuntu1~16.04.4) 5.4.0 20160609
Copyright (C) 2015 Free Software Foundation, Inc.
This is free software; see the source for copying conditions.  There is NO
warranty; not even for MERCHANTABILITY or FITNESS FOR A PARTICULAR PURPOSE.

configure:3570: $? = 0
configure:3559: gcc -v >&5
Using built-in specs.
COLLECT_GCC=gcc
COLLECT_LTO_WRAPPER=/usr/lib/gcc/x86_64-linux-gnu/5/lto-wrapper
Target: x86_64-linux-gnu
Configured with: ../src/configure -v --with-pkgversion='Ubuntu 5.4.0-6ubuntu1~16.04.4' --with-bugurl=file:///usr/share/doc/gcc-5/README.Bugs --enable-languages=c,ada,c++,java,go,d,fortran,objc,obj-c++ --prefix=/usr --program-suffix=-5 --enable-shared --enable-linker-build-id --libexecdir=/usr/lib --without-included-gettext --enable-threads=posix --libdir=/usr/lib --enable-nls --with-sysroot=/ --enable-clocale=gnu --enable-libstdcxx-debug --enable-libstdcxx-time=yes --with-default-libstdcxx-abi=new --enable-gnu-unique-object --disable-vtable-verify --enable-libmpx --enable-plugin --with-system-zlib --disable-browser-plugin --enable-java-awt=gtk --enable-gtk-cairo --with-java-home=/usr/lib/jvm/java-1.5.0-gcj-5-amd64/jre --enable-java-home --with-jvm-root-dir=/usr/lib/jvm/java-1.5.0-gcj-5-amd64 --with-jvm-jar-dir=/usr/lib/jvm-exports/java-1.5.0-gcj-5-amd64 --with-arch-directory=amd64 --with-ecj-jar=/usr/share/java/eclipse-ecj.jar --enable-objc-gc --enable-multiarch --disable-werror --with-arch-32=i686 --with-abi=m64 --with-multilib-list=m32,m64,mx32 --enable-multilib --with-tune=generic --enable-checking=release --build=x86_64-linux-gnu --host=x86_64-linux-gnu --target=x86_64-linux-gnu
Thread model: posix
gcc version 5.4.0 20160609 (Ubuntu 5.4.0-6ubuntu1~16.04.4) 
configure:3570: $? = 0
configure:3559: gcc -V >&5
gcc: error: unrecognized command line option '-V'
gcc: fatal error: no input files
compilation terminated.
configure:3570: $? = 1
configure:3559: gcc -qversion >&5
gcc: error: unrecognized command line option '-qversion'
gcc: fatal error: no input files
compilation terminated.
configure:3570: $? = 1
configure:3590: checking whether the C compiler works
configure:3612: gcc -fPIC   conftest.c  >&5
configure:3616: $? = 0
configure:3664: result: yes
configure:3667: checking for C compiler default output file name
configure:3669: result: a.out
configure:3675: checking for suffix of executables
configure:3682: gcc -o conftest -fPIC   conftest.c  >&5
configure:3686: $? = 0
configure:3708: result: 
configure:3730: checking whether we are cross compiling
configure:3738: gcc -o conftest -fPIC   conftest.c  >&5
configure:3742: $? = 0
configure:3749: ./conftest
configure:3753: $? = 0
configure:3768: result: no
configure:3773: checking for suffix of object files
configure:3795: gcc -c -fPIC  conftest.c >&5
configure:3799: $? = 0
configure:3820: result: o
configure:3824: checking whether we are using the GNU C compiler
configure:3843: gcc -c -fPIC  conftest.c >&5
configure:3843: $? = 0
configure:3852: result: yes
configure:3861: checking whether gcc accepts -g
configure:3881: gcc -c -g  conftest.c >&5
configure:3881: $? = 0
configure:3922: result: yes
configure:3939: checking for gcc option to accept ISO C89
configure:4002: gcc  -c -fPIC  conftest.c >&5
configure:4002: $? = 0
configure:4015: result: none needed
configure:4040: checking whether gcc understands -c and -o together
configure:4062: gcc -c conftest.c -o conftest2.o
configure:4065: $? = 0
configure:4062: gcc -c conftest.c -o conftest2.o
configure:4065: $? = 0
configure:4077: result: yes
configure:4096: checking dependency style of gcc
configure:4207: result: gcc3
configure:4223: checking for library containing dlopen
configure:4254: gcc -o conftest -fPIC   conftest.c  >&5
/tmp/ccPcFW07.o: In function `main':
conftest.c:(.text+0xa): undefined reference to `dlopen'
collect2: error: ld returned 1 exit status
configure:4254: $? = 1
configure: failed program was:
| /* confdefs.h */
| #define PACKAGE_NAME "odeSolver"
| #define PACKAGE_TARNAME "SBML_odeSolver"
| #define PACKAGE_VERSION "1.7.0beta"
| #define PACKAGE_STRING "odeSolver 1.7.0beta"
| #define PACKAGE_BUGREPORT "{raim,xtof}@tbi.univie.ac.at"
| #define PACKAGE_URL ""
| #define PACKAGE "SBML_odeSolver"
| #define VERSION "1.7.0beta"
| #define SHAREDLIBEXT ".so"
| /* end confdefs.h.  */
| 
| /* Override any GCC internal prototype to avoid an error.
|    Use char because int might match the return type of a GCC
|    builtin and then its argument prototype would still apply.  */
| #ifdef __cplusplus
| extern "C"
| #endif
| char dlopen ();
| int
| main ()
| {
| return dlopen ();
|   ;
|   return 0;
| }
configure:4254: gcc -o conftest -fPIC   conftest.c -ldl   >&5
configure:4254: $? = 0
configure:4271: result: -ldl
configure:4283: WARNING: Libtool does not cope well with whitespace in `pwd`
configure:4327: checking how to print strings
configure:4354: result: printf
configure:4375: checking for a sed that does not truncate output
configure:4439: result: /bin/sed
configure:4457: checking for grep that handles long lines and -e
configure:4515: result: /bin/grep
configure:4520: checking for egrep
configure:4582: result: /bin/grep -E
configure:4587: checking for fgrep
configure:4649: result: /bin/grep -F
configure:4684: checking for ld used by gcc
configure:4751: result: /usr/bin/ld
configure:4758: checking if the linker (/usr/bin/ld) is GNU ld
configure:4773: result: yes
configure:4785: checking for BSD- or MS-compatible name lister (nm)
configure:4839: result: /usr/bin/nm -B
configure:4969: checking the name lister (/usr/bin/nm -B) interface
configure:4976: gcc -c -fPIC  conftest.c >&5
configure:4979: /usr/bin/nm -B "conftest.o"
configure:4982: output
0000000000000000 B some_variable
configure:4989: result: BSD nm
configure:4992: checking whether ln -s works
configure:4996: result: yes
configure:5004: checking the maximum length of command line arguments
configure:5135: result: 1572864
configure:5183: checking how to convert x86_64-pc-linux-gnu file names to x86_64-pc-linux-gnu format
configure:5223: result: func_convert_file_noop
configure:5230: checking how to convert x86_64-pc-linux-gnu file names to toolchain format
configure:5250: result: func_convert_file_noop
configure:5257: checking for /usr/bin/ld option to reload object files
configure:5264: result: -r
configure:5338: checking for objdump
configure:5354: found /usr/bin/objdump
configure:5365: result: objdump
configure:5394: checking how to recognize dependent libraries
configure:5594: result: pass_all
configure:5679: checking for dlltool
configure:5709: result: no
configure:5736: checking how to associate runtime and link libraries
configure:5763: result: printf %s\n
configure:5823: checking for ar
configure:5839: found /usr/bin/ar
configure:5850: result: ar
configure:5887: checking for archiver @FILE support
configure:5904: gcc -c -fPIC  conftest.c >&5
configure:5904: $? = 0
configure:5907: ar cru libconftest.a @conftest.lst >&5
ar: `u' modifier ignored since `D' is the default (see `U')
configure:5910: $? = 0
configure:5915: ar cru libconftest.a @conftest.lst >&5
ar: `u' modifier ignored since `D' is the default (see `U')
ar: conftest.o: No such file or directory
configure:5918: $? = 1
configure:5930: result: @
configure:5988: checking for strip
configure:6004: found /usr/bin/strip
configure:6015: result: strip
configure:6087: checking for ranlib
configure:6103: found /usr/bin/ranlib
configure:6114: result: ranlib
configure:6216: checking command to parse /usr/bin/nm -B output from gcc object
configure:6369: gcc -c -fPIC  conftest.c >&5
configure:6372: $? = 0
configure:6376: /usr/bin/nm -B conftest.o \| sed -n -e 's/^.*[ ]\([ABCDGIRSTW][ABCDGIRSTW]*\)[ ][ ]*\([_A-Za-z][_A-Za-z0-9]*\)$/\1 \2 \2/p' | sed '/ __gnu_lto/d' \> conftest.nm
configure:6379: $? = 0
configure:6445: gcc -o conftest -fPIC   conftest.c conftstm.o >&5
configure:6448: $? = 0
configure:6486: result: ok
configure:6533: checking for sysroot
configure:6563: result: no
configure:6570: checking for a working dd
configure:6608: result: /bin/dd
configure:6612: checking how to truncate binary pipes
configure:6627: result: /bin/dd bs=4096 count=1
configure:6763: gcc -c -fPIC  conftest.c >&5
configure:6766: $? = 0
configure:6956: checking for mt
configure:6972: found /bin/mt
configure:6983: result: mt
configure:7006: checking if mt is a manifest tool
configure:7012: mt '-?'
configure:7020: result: no
configure:7697: checking how to run the C preprocessor
configure:7728: gcc -E  conftest.c
configure:7728: $? = 0
configure:7742: gcc -E  conftest.c
conftest.c:12:28: fatal error: ac_nonexistent.h: No such file or directory
compilation terminated.
configure:7742: $? = 1
configure: failed program was:
| /* confdefs.h */
| #define PACKAGE_NAME "odeSolver"
| #define PACKAGE_TARNAME "SBML_odeSolver"
| #define PACKAGE_VERSION "1.7.0beta"
| #define PACKAGE_STRING "odeSolver 1.7.0beta"
| #define PACKAGE_BUGREPORT "{raim,xtof}@tbi.univie.ac.at"
| #define PACKAGE_URL ""
| #define PACKAGE "SBML_odeSolver"
| #define VERSION "1.7.0beta"
| #define SHAREDLIBEXT ".so"
| /* end confdefs.h.  */
| #include <ac_nonexistent.h>
configure:7767: result: gcc -E
configure:7787: gcc -E  conftest.c
configure:7787: $? = 0
configure:7801: gcc -E  conftest.c
conftest.c:12:28: fatal error: ac_nonexistent.h: No such file or directory
compilation terminated.
configure:7801: $? = 1
configure: failed program was:
| /* confdefs.h */
| #define PACKAGE_NAME "odeSolver"
| #define PACKAGE_TARNAME "SBML_odeSolver"
| #define PACKAGE_VERSION "1.7.0beta"
| #define PACKAGE_STRING "odeSolver 1.7.0beta"
| #define PACKAGE_BUGREPORT "{raim,xtof}@tbi.univie.ac.at"
| #define PACKAGE_URL ""
| #define PACKAGE "SBML_odeSolver"
| #define VERSION "1.7.0beta"
| #define SHAREDLIBEXT ".so"
| /* end confdefs.h.  */
| #include <ac_nonexistent.h>
configure:7830: checking for ANSI C header files
configure:7850: gcc -c -fPIC  conftest.c >&5
configure:7850: $? = 0
configure:7923: gcc -o conftest -fPIC   conftest.c -ldl  >&5
configure:7923: $? = 0
configure:7923: ./conftest
configure:7923: $? = 0
configure:7934: result: yes
configure:7947: checking for sys/types.h
configure:7947: gcc -c -fPIC  conftest.c >&5
configure:7947: $? = 0
configure:7947: result: yes
configure:7947: checking for sys/stat.h
configure:7947: gcc -c -fPIC  conftest.c >&5
configure:7947: $? = 0
configure:7947: result: yes
configure:7947: checking for stdlib.h
configure:7947: gcc -c -fPIC  conftest.c >&5
configure:7947: $? = 0
configure:7947: result: yes
configure:7947: checking for string.h
configure:7947: gcc -c -fPIC  conftest.c >&5
configure:7947: $? = 0
configure:7947: result: yes
configure:7947: checking for memory.h
configure:7947: gcc -c -fPIC  conftest.c >&5
configure:7947: $? = 0
configure:7947: result: yes
configure:7947: checking for strings.h
configure:7947: gcc -c -fPIC  conftest.c >&5
configure:7947: $? = 0
configure:7947: result: yes
configure:7947: checking for inttypes.h
configure:7947: gcc -c -fPIC  conftest.c >&5
configure:7947: $? = 0
configure:7947: result: yes
configure:7947: checking for stdint.h
configure:7947: gcc -c -fPIC  conftest.c >&5
configure:7947: $? = 0
configure:7947: result: yes
configure:7947: checking for unistd.h
configure:7947: gcc -c -fPIC  conftest.c >&5
configure:7947: $? = 0
configure:7947: result: yes
configure:7961: checking for dlfcn.h
configure:7961: gcc -c -fPIC  conftest.c >&5
configure:7961: $? = 0
configure:7961: result: yes
configure:8513: checking for objdir
configure:8528: result: .libs
configure:8792: checking if gcc supports -fno-rtti -fno-exceptions
configure:8810: gcc -c -fPIC  -fno-rtti -fno-exceptions conftest.c >&5
cc1: warning: command line option '-fno-rtti' is valid for C++/ObjC++ but not for C
configure:8814: $? = 0
configure:8827: result: no
configure:9185: checking for gcc option to produce PIC
configure:9192: result: -fPIC -DPIC
configure:9200: checking if gcc PIC flag -fPIC -DPIC works
configure:9218: gcc -c -fPIC  -fPIC -DPIC -DPIC conftest.c >&5
configure:9222: $? = 0
configure:9235: result: yes
configure:9264: checking if gcc static flag -static works
configure:9292: result: yes
configure:9307: checking if gcc supports -c -o file.o
configure:9328: gcc -c -fPIC  -o out/conftest2.o conftest.c >&5
configure:9332: $? = 0
configure:9354: result: yes
configure:9362: checking if gcc supports -c -o file.o
configure:9409: result: yes
configure:9442: checking whether the gcc linker (/usr/bin/ld -m elf_x86_64) supports shared libraries
configure:10705: result: yes
configure:10742: checking whether -lc should be explicitly linked in
configure:10750: gcc -c -fPIC  conftest.c >&5
configure:10753: $? = 0
configure:10768: gcc -shared  -fPIC -DPIC conftest.o  -v -Wl,-soname -Wl,conftest -o conftest 2\>\&1 \| /bin/grep  -lc  \>/dev/null 2\>\&1
configure:10771: $? = 0
configure:10785: result: no
configure:10945: checking dynamic linker characteristics
configure:11526: gcc -o conftest -fPIC   -Wl,-rpath -Wl,/foo conftest.c -ldl  >&5
configure:11526: $? = 0
configure:11775: result: GNU/Linux ld.so
configure:11897: checking how to hardcode library paths into programs
configure:11922: result: immediate
configure:12470: checking whether stripping libraries is possible
configure:12475: result: yes
configure:12510: checking if libtool supports shared libraries
configure:12512: result: yes
configure:12515: checking whether to build shared libraries
configure:12540: result: yes
configure:12543: checking whether to build static libraries
configure:12547: result: no
configure:12642: checking for g++
configure:12658: found /usr/bin/g++
configure:12669: result: g++
configure:12696: checking for C++ compiler version
configure:12705: g++ --version >&5
g++ (Ubuntu 5.4.0-6ubuntu1~16.04.4) 5.4.0 20160609
Copyright (C) 2015 Free Software Foundation, Inc.
This is free software; see the source for copying conditions.  There is NO
warranty; not even for MERCHANTABILITY or FITNESS FOR A PARTICULAR PURPOSE.

configure:12716: $? = 0
configure:12705: g++ -v >&5
Using built-in specs.
COLLECT_GCC=g++
COLLECT_LTO_WRAPPER=/usr/lib/gcc/x86_64-linux-gnu/5/lto-wrapper
Target: x86_64-linux-gnu
Configured with: ../src/configure -v --with-pkgversion='Ubuntu 5.4.0-6ubuntu1~16.04.4' --with-bugurl=file:///usr/share/doc/gcc-5/README.Bugs --enable-languages=c,ada,c++,java,go,d,fortran,objc,obj-c++ --prefix=/usr --program-suffix=-5 --enable-shared --enable-linker-build-id --libexecdir=/usr/lib --without-included-gettext --enable-threads=posix --libdir=/usr/lib --enable-nls --with-sysroot=/ --enable-clocale=gnu --enable-libstdcxx-debug --enable-libstdcxx-time=yes --with-default-libstdcxx-abi=new --enable-gnu-unique-object --disable-vtable-verify --enable-libmpx --enable-plugin --with-system-zlib --disable-browser-plugin --enable-java-awt=gtk --enable-gtk-cairo --with-java-home=/usr/lib/jvm/java-1.5.0-gcj-5-amd64/jre --enable-java-home --with-jvm-root-dir=/usr/lib/jvm/java-1.5.0-gcj-5-amd64 --with-jvm-jar-dir=/usr/lib/jvm-exports/java-1.5.0-gcj-5-amd64 --with-arch-directory=amd64 --with-ecj-jar=/usr/share/java/eclipse-ecj.jar --enable-objc-gc --enable-multiarch --disable-werror --with-arch-32=i686 --with-abi=m64 --with-multilib-list=m32,m64,mx32 --enable-multilib --with-tune=generic --enable-checking=release --build=x86_64-linux-gnu --host=x86_64-linux-gnu --target=x86_64-linux-gnu
Thread model: posix
gcc version 5.4.0 20160609 (Ubuntu 5.4.0-6ubuntu1~16.04.4) 
configure:12716: $? = 0
configure:12705: g++ -V >&5
g++: error: unrecognized command line option '-V'
g++: fatal error: no input files
compilation terminated.
configure:12716: $? = 1
configure:12705: g++ -qversion >&5
g++: error: unrecognized command line option '-qversion'
g++: fatal error: no input files
compilation terminated.
configure:12716: $? = 1
configure:12720: checking whether we are using the GNU C++ compiler
configure:12739: g++ -c   conftest.cpp >&5
configure:12739: $? = 0
configure:12748: result: yes
configure:12757: checking whether g++ accepts -g
configure:12777: g++ -c -g  conftest.cpp >&5
configure:12777: $? = 0
configure:12818: result: yes
configure:12843: checking dependency style of g++
configure:12954: result: gcc3
configure:12987: checking how to run the C++ preprocessor
configure:13014: g++ -E  conftest.cpp
configure:13014: $? = 0
configure:13028: g++ -E  conftest.cpp
conftest.cpp:24:28: fatal error: ac_nonexistent.h: No such file or directory
compilation terminated.
configure:13028: $? = 1
configure: failed program was:
| /* confdefs.h */
| #define PACKAGE_NAME "odeSolver"
| #define PACKAGE_TARNAME "SBML_odeSolver"
| #define PACKAGE_VERSION "1.7.0beta"
| #define PACKAGE_STRING "odeSolver 1.7.0beta"
| #define PACKAGE_BUGREPORT "{raim,xtof}@tbi.univie.ac.at"
| #define PACKAGE_URL ""
| #define PACKAGE "SBML_odeSolver"
| #define VERSION "1.7.0beta"
| #define SHAREDLIBEXT ".so"
| #define STDC_HEADERS 1
| #define HAVE_SYS_TYPES_H 1
| #define HAVE_SYS_STAT_H 1
| #define HAVE_STDLIB_H 1
| #define HAVE_STRING_H 1
| #define HAVE_MEMORY_H 1
| #define HAVE_STRINGS_H 1
| #define HAVE_INTTYPES_H 1
| #define HAVE_STDINT_H 1
| #define HAVE_UNISTD_H 1
| #define HAVE_DLFCN_H 1
| #define LT_OBJDIR ".libs/"
| /* end confdefs.h.  */
| #include <ac_nonexistent.h>
configure:13053: result: g++ -E
configure:13073: g++ -E  conftest.cpp
configure:13073: $? = 0
configure:13087: g++ -E  conftest.cpp
conftest.cpp:24:28: fatal error: ac_nonexistent.h: No such file or directory
compilation terminated.
configure:13087: $? = 1
configure: failed program was:
| /* confdefs.h */
| #define PACKAGE_NAME "odeSolver"
| #define PACKAGE_TARNAME "SBML_odeSolver"
| #define PACKAGE_VERSION "1.7.0beta"
| #define PACKAGE_STRING "odeSolver 1.7.0beta"
| #define PACKAGE_BUGREPORT "{raim,xtof}@tbi.univie.ac.at"
| #define PACKAGE_URL ""
| #define PACKAGE "SBML_odeSolver"
| #define VERSION "1.7.0beta"
| #define SHAREDLIBEXT ".so"
| #define STDC_HEADERS 1
| #define HAVE_SYS_TYPES_H 1
| #define HAVE_SYS_STAT_H 1
| #define HAVE_STDLIB_H 1
| #define HAVE_STRING_H 1
| #define HAVE_MEMORY_H 1
| #define HAVE_STRINGS_H 1
| #define HAVE_INTTYPES_H 1
| #define HAVE_STDINT_H 1
| #define HAVE_UNISTD_H 1
| #define HAVE_DLFCN_H 1
| #define LT_OBJDIR ".libs/"
| /* end confdefs.h.  */
| #include <ac_nonexistent.h>
configure:13249: checking for ld used by g++
configure:13316: result: /usr/bin/ld -m elf_x86_64
configure:13323: checking if the linker (/usr/bin/ld -m elf_x86_64) is GNU ld
configure:13338: result: yes
configure:13393: checking whether the g++ linker (/usr/bin/ld -m elf_x86_64) supports shared libraries
configure:14466: result: yes
configure:14502: g++ -c -g -O2  conftest.cpp >&5
configure:14505: $? = 0
configure:14986: checking for g++ option to produce PIC
configure:14993: result: -fPIC -DPIC
configure:15001: checking if g++ PIC flag -fPIC -DPIC works
configure:15019: g++ -c -g -O2  -fPIC -DPIC -DPIC conftest.cpp >&5
configure:15023: $? = 0
configure:15036: result: yes
configure:15059: checking if g++ static flag -static works
configure:15087: result: yes
configure:15099: checking if g++ supports -c -o file.o
configure:15120: g++ -c -g -O2  -o out/conftest2.o conftest.cpp >&5
configure:15124: $? = 0
configure:15146: result: yes
configure:15151: checking if g++ supports -c -o file.o
configure:15198: result: yes
configure:15228: checking whether the g++ linker (/usr/bin/ld -m elf_x86_64) supports shared libraries
configure:15271: result: yes
configure:15412: checking dynamic linker characteristics
configure:16169: result: GNU/Linux ld.so
configure:16234: checking how to hardcode library paths into programs
configure:16259: result: immediate
configure:16347: checking for gcc
configure:16374: result: gcc
configure:16603: checking for C compiler version
configure:16612: gcc --version >&5
gcc (Ubuntu 5.4.0-6ubuntu1~16.04.4) 5.4.0 20160609
Copyright (C) 2015 Free Software Foundation, Inc.
This is free software; see the source for copying conditions.  There is NO
warranty; not even for MERCHANTABILITY or FITNESS FOR A PARTICULAR PURPOSE.

configure:16623: $? = 0
configure:16612: gcc -v >&5
Using built-in specs.
COLLECT_GCC=gcc
COLLECT_LTO_WRAPPER=/usr/lib/gcc/x86_64-linux-gnu/5/lto-wrapper
Target: x86_64-linux-gnu
Configured with: ../src/configure -v --with-pkgversion='Ubuntu 5.4.0-6ubuntu1~16.04.4' --with-bugurl=file:///usr/share/doc/gcc-5/README.Bugs --enable-languages=c,ada,c++,java,go,d,fortran,objc,obj-c++ --prefix=/usr --program-suffix=-5 --enable-shared --enable-linker-build-id --libexecdir=/usr/lib --without-included-gettext --enable-threads=posix --libdir=/usr/lib --enable-nls --with-sysroot=/ --enable-clocale=gnu --enable-libstdcxx-debug --enable-libstdcxx-time=yes --with-default-libstdcxx-abi=new --enable-gnu-unique-object --disable-vtable-verify --enable-libmpx --enable-plugin --with-system-zlib --disable-browser-plugin --enable-java-awt=gtk --enable-gtk-cairo --with-java-home=/usr/lib/jvm/java-1.5.0-gcj-5-amd64/jre --enable-java-home --with-jvm-root-dir=/usr/lib/jvm/java-1.5.0-gcj-5-amd64 --with-jvm-jar-dir=/usr/lib/jvm-exports/java-1.5.0-gcj-5-amd64 --with-arch-directory=amd64 --with-ecj-jar=/usr/share/java/eclipse-ecj.jar --enable-objc-gc --enable-multiarch --disable-werror --with-arch-32=i686 --with-abi=m64 --with-multilib-list=m32,m64,mx32 --enable-multilib --with-tune=generic --enable-checking=release --build=x86_64-linux-gnu --host=x86_64-linux-gnu --target=x86_64-linux-gnu
Thread model: posix
gcc version 5.4.0 20160609 (Ubuntu 5.4.0-6ubuntu1~16.04.4) 
configure:16623: $? = 0
configure:16612: gcc -V >&5
gcc: error: unrecognized command line option '-V'
gcc: fatal error: no input files
compilation terminated.
configure:16623: $? = 1
configure:16612: gcc -qversion >&5
gcc: error: unrecognized command line option '-qversion'
gcc: fatal error: no input files
compilation terminated.
configure:16623: $? = 1
configure:16627: checking whether we are using the GNU C compiler
configure:16655: result: yes
configure:16664: checking whether gcc accepts -g
configure:16725: result: yes
configure:16742: checking for gcc option to accept ISO C89
configure:16818: result: none needed
configure:16843: checking whether gcc understands -c and -o together
configure:16880: result: yes
configure:16899: checking dependency style of gcc
configure:17010: result: gcc3
configure:17031: checking how to run the C preprocessor
configure:17101: result: gcc -E
configure:17121: gcc -E  conftest.c
configure:17121: $? = 0
configure:17135: gcc -E  conftest.c
conftest.c:24:28: fatal error: ac_nonexistent.h: No such file or directory
compilation terminated.
configure:17135: $? = 1
configure: failed program was:
| /* confdefs.h */
| #define PACKAGE_NAME "odeSolver"
| #define PACKAGE_TARNAME "SBML_odeSolver"
| #define PACKAGE_VERSION "1.7.0beta"
| #define PACKAGE_STRING "odeSolver 1.7.0beta"
| #define PACKAGE_BUGREPORT "{raim,xtof}@tbi.univie.ac.at"
| #define PACKAGE_URL ""
| #define PACKAGE "SBML_odeSolver"
| #define VERSION "1.7.0beta"
| #define SHAREDLIBEXT ".so"
| #define STDC_HEADERS 1
| #define HAVE_SYS_TYPES_H 1
| #define HAVE_SYS_STAT_H 1
| #define HAVE_STDLIB_H 1
| #define HAVE_STRING_H 1
| #define HAVE_MEMORY_H 1
| #define HAVE_STRINGS_H 1
| #define HAVE_INTTYPES_H 1
| #define HAVE_STDINT_H 1
| #define HAVE_UNISTD_H 1
| #define HAVE_DLFCN_H 1
| #define LT_OBJDIR ".libs/"
| /* end confdefs.h.  */
| #include <ac_nonexistent.h>
configure:17164: checking whether make sets $(MAKE)
configure:17186: result: yes
configure:17198: checking for autoconf
configure:17216: found /usr/bin/autoconf
configure:17229: result: /usr/bin/autoconf
configure:17239: checking for aclocal
configure:17257: found /usr/bin/aclocal
configure:17270: result: /usr/bin/aclocal
configure:17280: checking for make
configure:17298: found /usr/bin/make
configure:17311: result: /usr/bin/make
configure:17321: checking for ar
configure:17339: found /usr/bin/ar
configure:17352: result: /usr/bin/ar
configure:17362: checking for swig
configure:17393: result: swig
configure:17403: checking for perl
configure:17421: found /usr/bin/perl
configure:17434: result: /usr/bin/perl
configure:17597: checking for correct functioning of SBML
configure:17622: g++ -o conftest -g -O2 -I/home/chuanfuyap/NetbeansProjects/SOSlibJNIC/solverLibraries/lib/include  -Wl,-rpath,/home/chuanfuyap/NetbeansProjects/SOSlibJNIC/solverLibraries/lib/lib -L/home/chuanfuyap/NetbeansProjects/SOSlibJNIC/solverLibraries/lib/lib  conftest.cpp -lsbml -lxml2 -ldl  >&5
configure:17622: $? = 0
configure:17631: result: yes
configure:17742: checking correct functioning of SUNDIALS
configure:17768: gcc -o conftest -fPIC  -I/home/chuanfuyap/NetbeansProjects/SOSlibJNIC/solverLibraries/lib/include  -L/home/chuanfuyap/NetbeansProjects/SOSlibJNIC/solverLibraries/lib/lib conftest.c -lsundials_ida -lsundials_kinsol -lsundials_cvodes -lsundials_nvecserial -lm -ldl  >&5
configure:17768: $? = 0
configure:17777: result: yes
configure:17866: checking for GRACE Library headers
configure:17888: checking for GRACE Library
configure:17928: checking correct functioning of GRACE
configure:17953: gcc -o conftest -fPIC     conftest.c  -ldl  >&5
conftest.c:37:22: fatal error: grace_np.h: No such file or directory
compilation terminated.
configure:17953: $? = 1
configure: failed program was:
| /* confdefs.h */
| #define PACKAGE_NAME "odeSolver"
| #define PACKAGE_TARNAME "SBML_odeSolver"
| #define PACKAGE_VERSION "1.7.0beta"
| #define PACKAGE_STRING "odeSolver 1.7.0beta"
| #define PACKAGE_BUGREPORT "{raim,xtof}@tbi.univie.ac.at"
| #define PACKAGE_URL ""
| #define PACKAGE "SBML_odeSolver"
| #define VERSION "1.7.0beta"
| #define SHAREDLIBEXT ".so"
| #define STDC_HEADERS 1
| #define HAVE_SYS_TYPES_H 1
| #define HAVE_SYS_STAT_H 1
| #define HAVE_STDLIB_H 1
| #define HAVE_STRING_H 1
| #define HAVE_MEMORY_H 1
| #define HAVE_STRINGS_H 1
| #define HAVE_INTTYPES_H 1
| #define HAVE_STDINT_H 1
| #define HAVE_UNISTD_H 1
| #define HAVE_DLFCN_H 1
| #define LT_OBJDIR ".libs/"
| #define SBML_CPPFLAGS "/home/chuanfuyap/NetbeansProjects/SOSlibJNIC/solverLibraries/lib/include/sbml"
| #define SBML_CPPFLAGS2 "/home/chuanfuyap/NetbeansProjects/SOSlibJNIC/solverLibraries/lib/include/sbml"
| #define SBML_LDFLAGS "/home/chuanfuyap/NetbeansProjects/SOSlibJNIC/solverLibraries/lib/lib"
| #define SBML_LIBS "sbml"
| #define SUNDIALS_CPPFLAGS "/home/chuanfuyap/NetbeansProjects/SOSlibJNIC/solverLibraries/lib/include"
| #define SUNDIALS_LDFLAGS "/home/chuanfuyap/NetbeansProjects/SOSlibJNIC/solverLibraries/lib/lib"
| #define SUNDIALS_LIB1 "sundials_ida"
| #define SUNDIALS_LIB2 "sundials_kinsol"
| #define SUNDIALS_LIB3 "sundials_cvodes"
| #define SUNDIALS_LIB4 "sundials_nvecserial"
| #define SUNDIALS_LIB5 "sundials_shared"
| #define SUNDIALS_LIB6 "m"
| #define USE_SUNDIALS 1
| /* end confdefs.h.  */
| #include <grace_np.h>
| int
| main ()
| {
| GraceOpen(2048); GracePrintf("world xmax %g", 10.0); GraceClose();
|   ;
|   return 0;
| }
configure:17968: result: no:
                     CPPFLAGS= 
                     LDFLAGS= 
                     LIBS= -ldl 
configure:17973: result: Can not link to GRACE Library!
configure:17975: result: odeSolver will be installed without XMGrace functionality
configure:18080: checking for dot
configure:18098: found /usr/bin/dot
configure:18110: result: /usr/bin/dot
configure:18131: found Graphviz Library Version 2.38
configure:18173: checking correct functioning of GRAPHVIZ
configure:18203: gcc -o conftest -fPIC -Wno-unknown-pragmas  -I/usr/include/graphviz  -L/usr/lib/graphviz conftest.c -lgvc -ldl  >&5
conftest.c:38:17: fatal error: gvc.h: No such file or directory
compilation terminated.
configure:18203: $? = 1
configure: failed program was:
| /* confdefs.h */
| #define PACKAGE_NAME "odeSolver"
| #define PACKAGE_TARNAME "SBML_odeSolver"
| #define PACKAGE_VERSION "1.7.0beta"
| #define PACKAGE_STRING "odeSolver 1.7.0beta"
| #define PACKAGE_BUGREPORT "{raim,xtof}@tbi.univie.ac.at"
| #define PACKAGE_URL ""
| #define PACKAGE "SBML_odeSolver"
| #define VERSION "1.7.0beta"
| #define SHAREDLIBEXT ".so"
| #define STDC_HEADERS 1
| #define HAVE_SYS_TYPES_H 1
| #define HAVE_SYS_STAT_H 1
| #define HAVE_STDLIB_H 1
| #define HAVE_STRING_H 1
| #define HAVE_MEMORY_H 1
| #define HAVE_STRINGS_H 1
| #define HAVE_INTTYPES_H 1
| #define HAVE_STDINT_H 1
| #define HAVE_UNISTD_H 1
| #define HAVE_DLFCN_H 1
| #define LT_OBJDIR ".libs/"
| #define SBML_CPPFLAGS "/home/chuanfuyap/NetbeansProjects/SOSlibJNIC/solverLibraries/lib/include/sbml"
| #define SBML_CPPFLAGS2 "/home/chuanfuyap/NetbeansProjects/SOSlibJNIC/solverLibraries/lib/include/sbml"
| #define SBML_LDFLAGS "/home/chuanfuyap/NetbeansProjects/SOSlibJNIC/solverLibraries/lib/lib"
| #define SBML_LIBS "sbml"
| #define SUNDIALS_CPPFLAGS "/home/chuanfuyap/NetbeansProjects/SOSlibJNIC/solverLibraries/lib/include"
| #define SUNDIALS_LDFLAGS "/home/chuanfuyap/NetbeansProjects/SOSlibJNIC/solverLibraries/lib/lib"
| #define SUNDIALS_LIB1 "sundials_ida"
| #define SUNDIALS_LIB2 "sundials_kinsol"
| #define SUNDIALS_LIB3 "sundials_cvodes"
| #define SUNDIALS_LIB4 "sundials_nvecserial"
| #define SUNDIALS_LIB5 "sundials_shared"
| #define SUNDIALS_LIB6 "m"
| #define USE_SUNDIALS 1
| #define USE_GRACE 0
| /* end confdefs.h.  */
| #include <gvc.h>
| int
| main ()
| {
| GVC_t *gvc;gvc=(GVC_t*)gvContext();gvFreeContext(gvc);
|   ;
|   return 0;
| }
configure:18218: result: no:
                     CPPFLAGS= -I/usr/include/graphviz
                     LDFLAGS= -L/usr/lib/graphviz
                     LIBS=-lgvc -ldl 
configure:18223: result: Can not link to GRAPHVIZ Library
configure:18225: result: odeSolver will be installed without Graphviz functionality
configure:18329: checking for isnan in -lm
configure:18354: gcc -o conftest -fPIC   conftest.c -lm  -ldl  >&5
conftest.c:49:6: warning: conflicting types for built-in function 'isnan'
 char isnan ();
      ^
configure:18354: $? = 0
configure:18363: result: yes
configure:18376: checking for ANSI C header files
configure:18480: result: yes
configure:18490: checking errno.h usability
configure:18490: gcc -c -fPIC  conftest.c >&5
configure:18490: $? = 0
configure:18490: result: yes
configure:18490: checking errno.h presence
configure:18490: gcc -E  conftest.c
configure:18490: $? = 0
configure:18490: result: yes
configure:18490: checking for errno.h
configure:18490: result: yes
configure:18502: checking math.h usability
configure:18502: gcc -c -fPIC  conftest.c >&5
configure:18502: $? = 0
configure:18502: result: yes
configure:18502: checking math.h presence
configure:18502: gcc -E  conftest.c
configure:18502: $? = 0
configure:18502: result: yes
configure:18502: checking for math.h
configure:18502: result: yes
configure:18514: checking whether byte ordering is bigendian
configure:18529: gcc -c -fPIC  conftest.c >&5
conftest.c:47:9: error: unknown type name 'not'
         not a universal capable compiler
         ^
conftest.c:47:15: error: expected '=', ',', ';', 'asm' or '__attribute__' before 'universal'
         not a universal capable compiler
               ^
conftest.c:47:15: error: unknown type name 'universal'
configure:18529: $? = 1
configure: failed program was:
| /* confdefs.h */
| #define PACKAGE_NAME "odeSolver"
| #define PACKAGE_TARNAME "SBML_odeSolver"
| #define PACKAGE_VERSION "1.7.0beta"
| #define PACKAGE_STRING "odeSolver 1.7.0beta"
| #define PACKAGE_BUGREPORT "{raim,xtof}@tbi.univie.ac.at"
| #define PACKAGE_URL ""
| #define PACKAGE "SBML_odeSolver"
| #define VERSION "1.7.0beta"
| #define SHAREDLIBEXT ".so"
| #define STDC_HEADERS 1
| #define HAVE_SYS_TYPES_H 1
| #define HAVE_SYS_STAT_H 1
| #define HAVE_STDLIB_H 1
| #define HAVE_STRING_H 1
| #define HAVE_MEMORY_H 1
| #define HAVE_STRINGS_H 1
| #define HAVE_INTTYPES_H 1
| #define HAVE_STDINT_H 1
| #define HAVE_UNISTD_H 1
| #define HAVE_DLFCN_H 1
| #define LT_OBJDIR ".libs/"
| #define SBML_CPPFLAGS "/home/chuanfuyap/NetbeansProjects/SOSlibJNIC/solverLibraries/lib/include/sbml"
| #define SBML_CPPFLAGS2 "/home/chuanfuyap/NetbeansProjects/SOSlibJNIC/solverLibraries/lib/include/sbml"
| #define SBML_LDFLAGS "/home/chuanfuyap/NetbeansProjects/SOSlibJNIC/solverLibraries/lib/lib"
| #define SBML_LIBS "sbml"
| #define SUNDIALS_CPPFLAGS "/home/chuanfuyap/NetbeansProjects/SOSlibJNIC/solverLibraries/lib/include"
| #define SUNDIALS_LDFLAGS "/home/chuanfuyap/NetbeansProjects/SOSlibJNIC/solverLibraries/lib/lib"
| #define SUNDIALS_LIB1 "sundials_ida"
| #define SUNDIALS_LIB2 "sundials_kinsol"
| #define SUNDIALS_LIB3 "sundials_cvodes"
| #define SUNDIALS_LIB4 "sundials_nvecserial"
| #define SUNDIALS_LIB5 "sundials_shared"
| #define SUNDIALS_LIB6 "m"
| #define USE_SUNDIALS 1
| #define USE_GRACE 0
| #define USE_GRAPHVIZ 0
| #define SOSLIB_CPPFLAGS "/home/chuanfuyap/NetbeansProjects/SOSlibJNIC/solverLibraries/include"
| #define SOSLIB_LDFLAGS "/home/chuanfuyap/NetbeansProjects/SOSlibJNIC/solverLibraries/lib"
| #define SOSLIB_LIBS "ODES"
| #define HAVE_LIBM 1
| #define STDC_HEADERS 1
| #define HAVE_ERRNO_H 1
| #define HAVE_MATH_H 1
| /* end confdefs.h.  */
| #ifndef __APPLE_CC__
| 	       not a universal capable compiler
| 	     #endif
| 	     typedef int dummy;
| 
configure:18574: gcc -c -fPIC  conftest.c >&5
configure:18574: $? = 0
configure:18592: gcc -c -fPIC  conftest.c >&5
conftest.c: In function 'main':
conftest.c:53:4: error: unknown type name 'not'
    not big endian
    ^
conftest.c:53:12: error: expected '=', ',', ';', 'asm' or '__attribute__' before 'endian'
    not big endian
            ^
configure:18592: $? = 1
configure: failed program was:
| /* confdefs.h */
| #define PACKAGE_NAME "odeSolver"
| #define PACKAGE_TARNAME "SBML_odeSolver"
| #define PACKAGE_VERSION "1.7.0beta"
| #define PACKAGE_STRING "odeSolver 1.7.0beta"
| #define PACKAGE_BUGREPORT "{raim,xtof}@tbi.univie.ac.at"
| #define PACKAGE_URL ""
| #define PACKAGE "SBML_odeSolver"
| #define VERSION "1.7.0beta"
| #define SHAREDLIBEXT ".so"
| #define STDC_HEADERS 1
| #define HAVE_SYS_TYPES_H 1
| #define HAVE_SYS_STAT_H 1
| #define HAVE_STDLIB_H 1
| #define HAVE_STRING_H 1
| #define HAVE_MEMORY_H 1
| #define HAVE_STRINGS_H 1
| #define HAVE_INTTYPES_H 1
| #define HAVE_STDINT_H 1
| #define HAVE_UNISTD_H 1
| #define HAVE_DLFCN_H 1
| #define LT_OBJDIR ".libs/"
| #define SBML_CPPFLAGS "/home/chuanfuyap/NetbeansProjects/SOSlibJNIC/solverLibraries/lib/include/sbml"
| #define SBML_CPPFLAGS2 "/home/chuanfuyap/NetbeansProjects/SOSlibJNIC/solverLibraries/lib/include/sbml"
| #define SBML_LDFLAGS "/home/chuanfuyap/NetbeansProjects/SOSlibJNIC/solverLibraries/lib/lib"
| #define SBML_LIBS "sbml"
| #define SUNDIALS_CPPFLAGS "/home/chuanfuyap/NetbeansProjects/SOSlibJNIC/solverLibraries/lib/include"
| #define SUNDIALS_LDFLAGS "/home/chuanfuyap/NetbeansProjects/SOSlibJNIC/solverLibraries/lib/lib"
| #define SUNDIALS_LIB1 "sundials_ida"
| #define SUNDIALS_LIB2 "sundials_kinsol"
| #define SUNDIALS_LIB3 "sundials_cvodes"
| #define SUNDIALS_LIB4 "sundials_nvecserial"
| #define SUNDIALS_LIB5 "sundials_shared"
| #define SUNDIALS_LIB6 "m"
| #define USE_SUNDIALS 1
| #define USE_GRACE 0
| #define USE_GRAPHVIZ 0
| #define SOSLIB_CPPFLAGS "/home/chuanfuyap/NetbeansProjects/SOSlibJNIC/solverLibraries/include"
| #define SOSLIB_LDFLAGS "/home/chuanfuyap/NetbeansProjects/SOSlibJNIC/solverLibraries/lib"
| #define SOSLIB_LIBS "ODES"
| #define HAVE_LIBM 1
| #define STDC_HEADERS 1
| #define HAVE_ERRNO_H 1
| #define HAVE_MATH_H 1
| /* end confdefs.h.  */
| #include <sys/types.h>
| 		#include <sys/param.h>
| 
| int
| main ()
| {
| #if BYTE_ORDER != BIG_ENDIAN
| 		 not big endian
| 		#endif
| 
|   ;
|   return 0;
| }
configure:18720: result: no
configure:18738: checking for an ANSI C-conforming const
configure:18804: gcc -c -fPIC  conftest.c >&5
configure:18804: $? = 0
configure:18811: result: yes
configure:18819: checking for size_t
configure:18819: gcc -c -fPIC  conftest.c >&5
configure:18819: $? = 0
configure:18819: gcc -c -fPIC  conftest.c >&5
conftest.c: In function 'main':
conftest.c:82:21: error: expected expression before ')' token
 if (sizeof ((size_t)))
                     ^
configure:18819: $? = 1
configure: failed program was:
| /* confdefs.h */
| #define PACKAGE_NAME "odeSolver"
| #define PACKAGE_TARNAME "SBML_odeSolver"
| #define PACKAGE_VERSION "1.7.0beta"
| #define PACKAGE_STRING "odeSolver 1.7.0beta"
| #define PACKAGE_BUGREPORT "{raim,xtof}@tbi.univie.ac.at"
| #define PACKAGE_URL ""
| #define PACKAGE "SBML_odeSolver"
| #define VERSION "1.7.0beta"
| #define SHAREDLIBEXT ".so"
| #define STDC_HEADERS 1
| #define HAVE_SYS_TYPES_H 1
| #define HAVE_SYS_STAT_H 1
| #define HAVE_STDLIB_H 1
| #define HAVE_STRING_H 1
| #define HAVE_MEMORY_H 1
| #define HAVE_STRINGS_H 1
| #define HAVE_INTTYPES_H 1
| #define HAVE_STDINT_H 1
| #define HAVE_UNISTD_H 1
| #define HAVE_DLFCN_H 1
| #define LT_OBJDIR ".libs/"
| #define SBML_CPPFLAGS "/home/chuanfuyap/NetbeansProjects/SOSlibJNIC/solverLibraries/lib/include/sbml"
| #define SBML_CPPFLAGS2 "/home/chuanfuyap/NetbeansProjects/SOSlibJNIC/solverLibraries/lib/include/sbml"
| #define SBML_LDFLAGS "/home/chuanfuyap/NetbeansProjects/SOSlibJNIC/solverLibraries/lib/lib"
| #define SBML_LIBS "sbml"
| #define SUNDIALS_CPPFLAGS "/home/chuanfuyap/NetbeansProjects/SOSlibJNIC/solverLibraries/lib/include"
| #define SUNDIALS_LDFLAGS "/home/chuanfuyap/NetbeansProjects/SOSlibJNIC/solverLibraries/lib/lib"
| #define SUNDIALS_LIB1 "sundials_ida"
| #define SUNDIALS_LIB2 "sundials_kinsol"
| #define SUNDIALS_LIB3 "sundials_cvodes"
| #define SUNDIALS_LIB4 "sundials_nvecserial"
| #define SUNDIALS_LIB5 "sundials_shared"
| #define SUNDIALS_LIB6 "m"
| #define USE_SUNDIALS 1
| #define USE_GRACE 0
| #define USE_GRAPHVIZ 0
| #define SOSLIB_CPPFLAGS "/home/chuanfuyap/NetbeansProjects/SOSlibJNIC/solverLibraries/include"
| #define SOSLIB_LDFLAGS "/home/chuanfuyap/NetbeansProjects/SOSlibJNIC/solverLibraries/lib"
| #define SOSLIB_LIBS "ODES"
| #define HAVE_LIBM 1
| #define STDC_HEADERS 1
| #define HAVE_ERRNO_H 1
| #define HAVE_MATH_H 1
| /* end confdefs.h.  */
| #include <stdio.h>
| #ifdef HAVE_SYS_TYPES_H
| # include <sys/types.h>
| #endif
| #ifdef HAVE_SYS_STAT_H
| # include <sys/stat.h>
| #endif
| #ifdef STDC_HEADERS
| # include <stdlib.h>
| # include <stddef.h>
| #else
| # ifdef HAVE_STDLIB_H
| #  include <stdlib.h>
| # endif
| #endif
| #ifdef HAVE_STRING_H
| # if !defined STDC_HEADERS && defined HAVE_MEMORY_H
| #  include <memory.h>
| # endif
| # include <string.h>
| #endif
| #ifdef HAVE_STRINGS_H
| # include <strings.h>
| #endif
| #ifdef HAVE_INTTYPES_H
| # include <inttypes.h>
| #endif
| #ifdef HAVE_STDINT_H
| # include <stdint.h>
| #endif
| #ifdef HAVE_UNISTD_H
| # include <unistd.h>
| #endif
| int
| main ()
| {
| if (sizeof ((size_t)))
| 	    return 0;
|   ;
|   return 0;
| }
configure:18819: result: yes
configure:18959: checking that generated files are newer than configure
configure:18965: result: done
configure:19001: creating ./config.status

## ---------------------- ##
## Running config.status. ##
## ---------------------- ##

This file was extended by odeSolver config.status 1.7.0beta, which was
generated by GNU Autoconf 2.69.  Invocation command line was

  CONFIG_FILES    = 
  CONFIG_HEADERS  = 
  CONFIG_LINKS    = 
  CONFIG_COMMANDS = 
  $ ./config.status 

on BioLinux-V2

config.status:1204: creating Makefile
config.status:1204: creating examples/Makefile
config.status:1204: creating odeSolver/Makefile
config.status:1204: creating src/Makefile
config.status:1204: creating src/libODES.pc
config.status:1204: creating tutorial/Makefile
config.status:1204: creating unittest/Makefile
config.status:1204: creating src/config.h
config.status:1433: executing depfiles commands
config.status:1433: executing libtool commands

## ---------------- ##
## Cache variables. ##
## ---------------- ##

ac_cv_build=x86_64-pc-linux-gnu
ac_cv_c_bigendian=no
ac_cv_c_compiler_gnu=yes
ac_cv_c_const=yes
ac_cv_cxx_compiler_gnu=yes
ac_cv_env_CCC_set=
ac_cv_env_CCC_value=
ac_cv_env_CC_set=
ac_cv_env_CC_value=
ac_cv_env_CFLAGS_set=set
ac_cv_env_CFLAGS_value=-fPIC
ac_cv_env_CPPFLAGS_set=
ac_cv_env_CPPFLAGS_value=
ac_cv_env_CPP_set=
ac_cv_env_CPP_value=
ac_cv_env_CXXCPP_set=
ac_cv_env_CXXCPP_value=
ac_cv_env_CXXFLAGS_set=
ac_cv_env_CXXFLAGS_value=
ac_cv_env_CXX_set=
ac_cv_env_CXX_value=
ac_cv_env_LDFLAGS_set=
ac_cv_env_LDFLAGS_value=
ac_cv_env_LIBS_set=
ac_cv_env_LIBS_value=
ac_cv_env_LT_SYS_LIBRARY_PATH_set=
ac_cv_env_LT_SYS_LIBRARY_PATH_value=
ac_cv_env_build_alias_set=
ac_cv_env_build_alias_value=
ac_cv_env_host_alias_set=
ac_cv_env_host_alias_value=
ac_cv_env_target_alias_set=
ac_cv_env_target_alias_value=
ac_cv_header_dlfcn_h=yes
ac_cv_header_errno_h=yes
ac_cv_header_inttypes_h=yes
ac_cv_header_math_h=yes
ac_cv_header_memory_h=yes
ac_cv_header_stdc=yes
ac_cv_header_stdint_h=yes
ac_cv_header_stdlib_h=yes
ac_cv_header_string_h=yes
ac_cv_header_strings_h=yes
ac_cv_header_sys_stat_h=yes
ac_cv_header_sys_types_h=yes
ac_cv_header_unistd_h=yes
ac_cv_host=x86_64-pc-linux-gnu
ac_cv_lib_m_isnan=yes
ac_cv_objext=o
ac_cv_path_ACLOCAL=/usr/bin/aclocal
ac_cv_path_AR=/usr/bin/ar
ac_cv_path_AUTOCONF=/usr/bin/autoconf
ac_cv_path_DOT=/usr/bin/dot
ac_cv_path_EGREP='/bin/grep -E'
ac_cv_path_FGREP='/bin/grep -F'
ac_cv_path_GREP=/bin/grep
ac_cv_path_MAKE=/usr/bin/make
ac_cv_path_PERL=/usr/bin/perl
ac_cv_path_SED=/bin/sed
ac_cv_path_SWIG=swig
ac_cv_path_install='/usr/bin/install -c'
ac_cv_path_lt_DD=/bin/dd
ac_cv_path_mkdir=/bin/mkdir
ac_cv_prog_AWK=gawk
ac_cv_prog_CPP='gcc -E'
ac_cv_prog_CXXCPP='g++ -E'
ac_cv_prog_ac_ct_AR=ar
ac_cv_prog_ac_ct_CC=gcc
ac_cv_prog_ac_ct_CXX=g++
ac_cv_prog_ac_ct_MANIFEST_TOOL=mt
ac_cv_prog_ac_ct_OBJDUMP=objdump
ac_cv_prog_ac_ct_RANLIB=ranlib
ac_cv_prog_ac_ct_STRIP=strip
ac_cv_prog_cc_c89=
ac_cv_prog_cc_g=yes
ac_cv_prog_cxx_g=yes
ac_cv_prog_make_make_set=yes
ac_cv_search_dlopen=-ldl
ac_cv_type_size_t=yes
am_cv_CC_dependencies_compiler_type=gcc3
am_cv_CXX_dependencies_compiler_type=gcc3
am_cv_make_support_nested_variables=yes
am_cv_prog_cc_c_o=yes
lt_cv_ar_at_file=@
lt_cv_archive_cmds_need_lc=no
lt_cv_deplibs_check_method=pass_all
lt_cv_file_magic_cmd='$MAGIC_CMD'
lt_cv_file_magic_test_file=
lt_cv_ld_reload_flag=-r
lt_cv_nm_interface='BSD nm'
lt_cv_objdir=.libs
lt_cv_path_LD=/usr/bin/ld
lt_cv_path_LDCXX='/usr/bin/ld -m elf_x86_64'
lt_cv_path_NM='/usr/bin/nm -B'
lt_cv_path_mainfest_tool=no
lt_cv_prog_compiler_c_o=yes
lt_cv_prog_compiler_c_o_CXX=yes
lt_cv_prog_compiler_pic='-fPIC -DPIC'
lt_cv_prog_compiler_pic_CXX='-fPIC -DPIC'
lt_cv_prog_compiler_pic_works=yes
lt_cv_prog_compiler_pic_works_CXX=yes
lt_cv_prog_compiler_rtti_exceptions=no
lt_cv_prog_compiler_static_works=yes
lt_cv_prog_compiler_static_works_CXX=yes
lt_cv_prog_gnu_ld=yes
lt_cv_prog_gnu_ldcxx=yes
lt_cv_sharedlib_from_linklib_cmd='printf %s\n'
lt_cv_shlibpath_overrides_runpath=no
lt_cv_sys_global_symbol_pipe='sed -n -e '\''s/^.*[	 ]\([ABCDGIRSTW][ABCDGIRSTW]*\)[	 ][	 ]*\([_A-Za-z][_A-Za-z0-9]*\)$/\1 \2 \2/p'\'' | sed '\''/ __gnu_lto/d'\'''
lt_cv_sys_global_symbol_to_c_name_address='sed -n -e '\''s/^: \(.*\) .*$/  {"\1", (void *) 0},/p'\'' -e '\''s/^[ABCDGIRSTW][ABCDGIRSTW]* .* \(.*\)$/  {"\1", (void *) \&\1},/p'\'''
lt_cv_sys_global_symbol_to_c_name_address_lib_prefix='sed -n -e '\''s/^: \(.*\) .*$/  {"\1", (void *) 0},/p'\'' -e '\''s/^[ABCDGIRSTW][ABCDGIRSTW]* .* \(lib.*\)$/  {"\1", (void *) \&\1},/p'\'' -e '\''s/^[ABCDGIRSTW][ABCDGIRSTW]* .* \(.*\)$/  {"lib\1", (void *) \&\1},/p'\'''
lt_cv_sys_global_symbol_to_cdecl='sed -n -e '\''s/^T .* \(.*\)$/extern int \1();/p'\'' -e '\''s/^[ABCDGIRSTW][ABCDGIRSTW]* .* \(.*\)$/extern char \1;/p'\'''
lt_cv_sys_global_symbol_to_import=
lt_cv_sys_max_cmd_len=1572864
lt_cv_to_host_file_cmd=func_convert_file_noop
lt_cv_to_tool_file_cmd=func_convert_file_noop
lt_cv_truncate_bin='/bin/dd bs=4096 count=1'

## ----------------- ##
## Output variables. ##
## ----------------- ##

ACLOCAL='/usr/bin/aclocal'
AMDEPBACKSLASH='\'
AMDEP_FALSE='#'
AMDEP_TRUE=''
AMTAR='$${TAR-tar}'
AM_BACKSLASH='\'
AM_DEFAULT_V='$(AM_DEFAULT_VERBOSITY)'
AM_DEFAULT_VERBOSITY='1'
AM_V='$(V)'
AR='/usr/bin/ar'
AS='as'
AUTOCONF='/usr/bin/autoconf'
AUTOHEADER='${SHELL} "/home/chuanfuyap/NetBeansProjects/SOSlibJNIC/solverLibraries/SBML odeSolver-1.7.0/build-aux/missing" autoheader'
AUTOMAKE='${SHELL} "/home/chuanfuyap/NetBeansProjects/SOSlibJNIC/solverLibraries/SBML odeSolver-1.7.0/build-aux/missing" automake-1.15'
AWK='gawk'
CC='gcc'
CCDEPMODE='depmode=gcc3'
CFLAGS='-fPIC'
CPP='gcc -E'
CPPFLAGS=''
CXX='g++'
CXXCPP='g++ -E'
CXXDEPMODE='depmode=gcc3'
CXXFLAGS='-g -O2'
CYGPATH_W='echo'
DEFS='-DHAVE_CONFIG_H'
DEPDIR='.deps'
DLLTOOL='false'
DOT='/usr/bin/dot'
DSYMUTIL=''
DUMPBIN=''
ECHO_C=''
ECHO_N='-n'
ECHO_T=''
EGREP='/bin/grep -E'
EXEEXT=''
FGREP='/bin/grep -F'
GRACE_CPPFLAGS=''
GRACE_LDFLAGS=''
GRACE_LIBS=''
GRACE_RPATH=''
GRAPHVIZ_CPPFLAGS=''
GRAPHVIZ_LDFLAGS=''
GRAPHVIZ_LIBS=''
GRAPHVIZ_RPATH=''
GREP='/bin/grep'
HOST_TYPE='linux'
INSTALL_DATA='${INSTALL} -m 644'
INSTALL_PROGRAM='${INSTALL}'
INSTALL_SCRIPT='${INSTALL}'
INSTALL_STRIP_PROGRAM='$(install_sh) -c -s'
LD='/usr/bin/ld -m elf_x86_64'
LDFLAGS=''
LIBOBJS=''
LIBS='-lm -ldl '
LIBTOOL='$(SHELL) $(top_builddir)/libtool'
LIPO=''
LN_S='ln -s'
LTLIBOBJS=''
LT_SYS_LIBRARY_PATH=''
MAKE='/usr/bin/make'
MAKEINFO='${SHELL} "/home/chuanfuyap/NetBeansProjects/SOSlibJNIC/solverLibraries/SBML odeSolver-1.7.0/build-aux/missing" makeinfo'
MANIFEST_TOOL=':'
MKDIR_P='/bin/mkdir -p'
NM='/usr/bin/nm -B'
NMEDIT=''
OBJDUMP='objdump'
OBJEXT='o'
OTOOL64=''
OTOOL=''
PACKAGE='SBML_odeSolver'
PACKAGE_BUGREPORT='{raim,xtof}@tbi.univie.ac.at'
PACKAGE_NAME='odeSolver'
PACKAGE_STRING='odeSolver 1.7.0beta'
PACKAGE_TARNAME='SBML_odeSolver'
PACKAGE_URL=''
PACKAGE_VERSION='1.7.0beta'
PATH_SEPARATOR=':'
PERL='/usr/bin/perl'
RANLIB='ranlib'
SBML_CPPFLAGS='-I/home/chuanfuyap/NetbeansProjects/SOSlibJNIC/solverLibraries/lib/include'
SBML_LDFLAGS='-L/home/chuanfuyap/NetbeansProjects/SOSlibJNIC/solverLibraries/lib/lib'
SBML_LIBS='-lsbml -lxml2'
SBML_RPATH='-Wl,-rpath,/home/chuanfuyap/NetbeansProjects/SOSlibJNIC/solverLibraries/lib/lib'
SED='/bin/sed'
SET_MAKE=''
SHAREDLIBEXT='so'
SHELL='/bin/bash'
STRIP='strip'
SUNDIALS_CPPFLAGS='-I/home/chuanfuyap/NetbeansProjects/SOSlibJNIC/solverLibraries/lib/include'
SUNDIALS_LDFLAGS='-L/home/chuanfuyap/NetbeansProjects/SOSlibJNIC/solverLibraries/lib/lib'
SUNDIALS_LIBS='-lsundials_ida -lsundials_kinsol -lsundials_cvodes -lsundials_nvecserial -lm'
SWIG='swig'
UNITTEST_FALSE=''
UNITTEST_TRUE='#'
USE_GRACE='0'
USE_GRAPHVIZ='0'
USE_SUNDIALS='1'
VERSION='1.7.0beta'
ac_ct_AR='ar'
ac_ct_CC='gcc'
ac_ct_CXX='g++'
ac_ct_DUMPBIN=''
am__EXEEXT_FALSE=''
am__EXEEXT_TRUE='#'
am__fastdepCC_FALSE='#'
am__fastdepCC_TRUE=''
am__fastdepCXX_FALSE='#'
am__fastdepCXX_TRUE=''
am__include='include'
am__isrc=''
am__leading_dot='.'
am__nodep='_no'
am__quote=''
am__tar='$${TAR-tar} chof - "$$tardir"'
am__untar='$${TAR-tar} xf -'
bindir='${exec_prefix}/bin'
build='x86_64-pc-linux-gnu'
build_alias=''
build_cpu='x86_64'
build_os='linux-gnu'
build_vendor='pc'
datadir='${datarootdir}'
datarootdir='${prefix}/share'
docdir='${datarootdir}/doc/${PACKAGE_TARNAME}'
dvidir='${docdir}'
exec_prefix='${prefix}'
host='x86_64-pc-linux-gnu'
host_alias=''
host_cpu='x86_64'
host_os='linux-gnu'
host_vendor='pc'
htmldir='${docdir}'
includedir='${prefix}/include'
infodir='${datarootdir}/info'
install_sh='${SHELL} '\''/home/chuanfuyap/NetBeansProjects/SOSlibJNIC/solverLibraries/SBML odeSolver-1.7.0/build-aux/install-sh'\'''
libdir='${exec_prefix}/lib'
libexecdir='${exec_prefix}/libexec'
localedir='${datarootdir}/locale'
localstatedir='${prefix}/var'
mandir='${datarootdir}/man'
mkdir_p='$(MKDIR_P)'
oldincludedir='/usr/include'
pdfdir='${docdir}'
prefix='/home/chuanfuyap/NetbeansProjects/SOSlibJNIC/solverLibraries'
program_transform_name='s,x,x,'
psdir='${docdir}'
runstatedir='${localstatedir}/run'
sbindir='${exec_prefix}/sbin'
sharedstatedir='${prefix}/com'
sysconfdir='${prefix}/etc'
target_alias=''

## ----------- ##
## confdefs.h. ##
## ----------- ##

/* confdefs.h */
#define PACKAGE_NAME "odeSolver"
#define PACKAGE_TARNAME "SBML_odeSolver"
#define PACKAGE_VERSION "1.7.0beta"
#define PACKAGE_STRING "odeSolver 1.7.0beta"
#define PACKAGE_BUGREPORT "{raim,xtof}@tbi.univie.ac.at"
#define PACKAGE_URL ""
#define PACKAGE "SBML_odeSolver"
#define VERSION "1.7.0beta"
#define SHAREDLIBEXT ".so"
#define STDC_HEADERS 1
#define HAVE_SYS_TYPES_H 1
#define HAVE_SYS_STAT_H 1
#define HAVE_STDLIB_H 1
#define HAVE_STRING_H 1
#define HAVE_MEMORY_H 1
#define HAVE_STRINGS_H 1
#define HAVE_INTTYPES_H 1
#define HAVE_STDINT_H 1
#define HAVE_UNISTD_H 1
#define HAVE_DLFCN_H 1
#define LT_OBJDIR ".libs/"
#define SBML_CPPFLAGS "/home/chuanfuyap/NetbeansProjects/SOSlibJNIC/solverLibraries/lib/include/sbml"
#define SBML_CPPFLAGS2 "/home/chuanfuyap/NetbeansProjects/SOSlibJNIC/solverLibraries/lib/include/sbml"
#define SBML_LDFLAGS "/home/chuanfuyap/NetbeansProjects/SOSlibJNIC/solverLibraries/lib/lib"
#define SBML_LIBS "sbml"
#define SUNDIALS_CPPFLAGS "/home/chuanfuyap/NetbeansProjects/SOSlibJNIC/solverLibraries/lib/include"
#define SUNDIALS_LDFLAGS "/home/chuanfuyap/NetbeansProjects/SOSlibJNIC/solverLibraries/lib/lib"
#define SUNDIALS_LIB1 "sundials_ida"
#define SUNDIALS_LIB2 "sundials_kinsol"
#define SUNDIALS_LIB3 "sundials_cvodes"
#define SUNDIALS_LIB4 "sundials_nvecserial"
#define SUNDIALS_LIB5 "sundials_shared"
#define SUNDIALS_LIB6 "m"
#define USE_SUNDIALS 1
#define USE_GRACE 0
#define USE_GRAPHVIZ 0
#define SOSLIB_CPPFLAGS "/home/chuanfuyap/NetbeansProjects/SOSlibJNIC/solverLibraries/include"
#define SOSLIB_LDFLAGS "/home/chuanfuyap/NetbeansProjects/SOSlibJNIC/solverLibraries/lib"
#define SOSLIB_LIBS "ODES"
#define HAVE_LIBM 1
#define STDC_HEADERS 1
#define HAVE_ERRNO_H 1
#define HAVE_MATH_H 1

configure: exit 0
